[ 2017-05-03T11:15:40+08:00 ] ERR: (ThinkException) 非法操作:article-list
[ 2017-05-03T11:15:44+08:00 ] ERR: (ThinkException) 非法操作:admin-list
[ 2017-05-03T11:15:45+08:00 ] ERR: (ThinkException) 非法操作:system-shielding
[ 2017-05-03T11:15:45+08:00 ] ERR: (ThinkException) 非法操作:system-log
[ 2017-05-03T12:15:30+08:00 ] ERR: (ThinkException) 非法操作:system-base
[ 2017-05-03T12:15:31+08:00 ] ERR: (ThinkException) 非法操作:system-category
[ 2017-05-03T12:15:31+08:00 ] ERR: (ThinkException) 非法操作:system-data
[ 2017-05-03T12:15:32+08:00 ] ERR: (ThinkException) 非法操作:system-shielding
[ 2017-05-03T12:16:16+08:00 ] ERR: (ThinkException) 非法操作:article-list
[ 2017-05-03T12:27:23+08:00 ] ERR: (ThinkException) 非法操作:admin-list
[ 2017-05-03T12:27:26+08:00 ] ERR: (ThinkException) 非法操作:article-list
[ 2017-05-03T13:02:16+08:00 ] 0.0.0.0 /TourSystem/admin.php/Index/info?uid=2
INFO: [ app_begin ] --START--
INFO: Run ReadHtmlCache Behavior [ RunTime:0.000930s ]
INFO: [ app_begin ] --END-- [ RunTime:0.001056s ]
SQL: SHOW COLUMNS FROM `tp_admin` [ RunTime:0.074676s ]

[ 2017-05-03T13:07:10+08:00 ] 0.0.0.0 /TourSystem/admin.php/Index/info?uid=2
INFO: [ app_begin ] --START--
INFO: Run ReadHtmlCache Behavior [ RunTime:0.000688s ]
INFO: [ app_begin ] --END-- [ RunTime:0.000738s ]
SQL: SHOW COLUMNS FROM `tp_admin` [ RunTime:0.004836s ]
NOTIC: [8] Undefined index: aid E:\Program Files\phpstudy\WWW\TourSystem\Admin\Lib\Action\IndexAction.class.php 第 18 行.
NOTIC: [8] Undefined variable: where E:\Program Files\phpstudy\WWW\TourSystem\Admin\Lib\Action\IndexAction.class.php 第 19 行.
SQL: SELECT `aid` FROM `tp_admin` LIMIT 1   [ RunTime:0.000475s ]

[ 2017-05-03T13:07:52+08:00 ] 0.0.0.0 /TourSystem/admin.php/Index/info?uid=2
INFO: [ app_begin ] --START--
INFO: Run ReadHtmlCache Behavior [ RunTime:0.000700s ]
INFO: [ app_begin ] --END-- [ RunTime:0.000751s ]
SQL: SHOW COLUMNS FROM `tp_admin` [ RunTime:0.011093s ]
NOTIC: [8] Undefined index: aid E:\Program Files\phpstudy\WWW\TourSystem\Admin\Lib\Action\IndexAction.class.php 第 18 行.
SQL: SELECT `aid` FROM `tp_admin` LIMIT 1   [ RunTime:0.000519s ]

[ 2017-05-03T13:12:10+08:00 ] 0.0.0.0 /TourSystem/admin.php/Index/info?uid=2
INFO: [ app_begin ] --START--
INFO: Run ReadHtmlCache Behavior [ RunTime:0.000785s ]
INFO: [ app_begin ] --END-- [ RunTime:0.000851s ]
SQL: SHOW COLUMNS FROM `tp_admin` [ RunTime:0.011379s ]
NOTIC: [8] Undefined index: aid E:\Program Files\phpstudy\WWW\TourSystem\Admin\Lib\Action\IndexAction.class.php 第 18 行.
SQL: SELECT * FROM `tp_admin` WHERE ( aid=$aid )  [ RunTime:0.000612s ]
ERR: Unknown column '$aid' in 'where clause'
 [ SQL语句 ] : SELECT * FROM `tp_admin` WHERE ( aid=$aid ) 

