[ 2017-05-07T17:39:35+08:00 ] ERR: (ThinkException) 非法操作:picture-list
[ 2017-05-07T17:41:10+08:00 ] ERR: (ThinkException) 非法操作:product-list
[ 2017-05-07T17:43:07+08:00 ] 0.0.0.0 /TourSystem/admin.php/Index/info?uid=5
INFO: [ app_begin ] --START--
INFO: Run ReadHtmlCache Behavior [ RunTime:0.001591s ]
INFO: [ app_begin ] --END-- [ RunTime:0.001720s ]
SQL: SHOW COLUMNS FROM `tp_admin` [ RunTime:0.040505s ]
NOTIC: [8] Undefined index: aid E:\Program Files\phpstudy\WWW\TourSystem\Admin\Lib\Action\IndexAction.class.php 第 18 行.
SQL: SELECT * FROM `tp_admin` WHERE ( aid=$aid )  [ RunTime:0.000305s ]
ERR: Unknown column '$aid' in 'where clause'
 [ SQL语句 ] : SELECT * FROM `tp_admin` WHERE ( aid=$aid ) 

[ 2017-05-07T17:45:22+08:00 ] ERR: (ThinkException) 非法操作:picture-list
[ 2017-05-07T20:55:49+08:00 ] 0.0.0.0 /TourSystem/admin.php/Index/info?uid=2
INFO: [ app_begin ] --START--
INFO: Run ReadHtmlCache Behavior [ RunTime:0.001034s ]
INFO: [ app_begin ] --END-- [ RunTime:0.001138s ]
SQL: SHOW COLUMNS FROM `tp_admin` [ RunTime:0.064965s ]
NOTIC: [8] Undefined index: aid E:\Program Files\phpstudy\WWW\TourSystem\Admin\Lib\Action\IndexAction.class.php 第 18 行.
SQL: SELECT * FROM `tp_admin` WHERE ( aid=$aid )  [ RunTime:0.000403s ]
ERR: Unknown column '$aid' in 'where clause'
 [ SQL语句 ] : SELECT * FROM `tp_admin` WHERE ( aid=$aid ) 

[ 2017-05-07T21:03:23+08:00 ] 0.0.0.0 /TourSystem/admin.php/Index/info?uid=2
INFO: [ app_begin ] --START--
INFO: Run ReadHtmlCache Behavior [ RunTime:0.000733s ]
INFO: [ app_begin ] --END-- [ RunTime:0.000807s ]
SQL: SHOW COLUMNS FROM `tp_admin` [ RunTime:0.026694s ]
NOTIC: [8] Undefined index: aid E:\Program Files\phpstudy\WWW\TourSystem\Admin\Lib\Action\IndexAction.class.php 第 18 行.
SQL: SELECT * FROM `tp_admin` WHERE ( aid=$aid )  [ RunTime:0.000536s ]
ERR: Unknown column '$aid' in 'where clause'
 [ SQL语句 ] : SELECT * FROM `tp_admin` WHERE ( aid=$aid ) 

[ 2017-05-07T21:07:18+08:00 ] 0.0.0.0 /TourSystem/admin.php/Index/info
INFO: [ app_begin ] --START--
INFO: Run ReadHtmlCache Behavior [ RunTime:0.000390s ]
INFO: [ app_begin ] --END-- [ RunTime:0.000428s ]
SQL: SHOW COLUMNS FROM `tp_admin` [ RunTime:0.024357s ]
NOTIC: [8] Undefined index: aid E:\Program Files\phpstudy\WWW\TourSystem\Admin\Lib\Action\IndexAction.class.php 第 19 行.
SQL: SELECT * FROM `tp_admin` WHERE ( `aid` = null )  [ RunTime:0.000786s ]

[ 2017-05-07T21:07:41+08:00 ] 0.0.0.0 /TourSystem/admin.php/Index/info
INFO: [ app_begin ] --START--
INFO: Run ReadHtmlCache Behavior [ RunTime:0.000729s ]
INFO: [ app_begin ] --END-- [ RunTime:0.000809s ]
SQL: SHOW COLUMNS FROM `tp_admin` [ RunTime:0.025945s ]
NOTIC: [8] Undefined index: aid E:\Program Files\phpstudy\WWW\TourSystem\Admin\Lib\Action\IndexAction.class.php 第 19 行.
SQL: SELECT * FROM `tp_admin` WHERE ( `aid` = null )  [ RunTime:0.000510s ]

[ 2017-05-07T21:08:25+08:00 ] 0.0.0.0 /TourSystem/admin.php/Index/info
INFO: [ app_begin ] --START--
INFO: Run ReadHtmlCache Behavior [ RunTime:0.001582s ]
INFO: [ app_begin ] --END-- [ RunTime:0.001768s ]
SQL: SHOW COLUMNS FROM `tp_admin` [ RunTime:0.087503s ]
SQL: SELECT * FROM `tp_admin` WHERE ( `aid` = 2 )  [ RunTime:0.000703s ]

[ 2017-05-07T21:11:16+08:00 ] 0.0.0.0 /TourSystem/admin.php/Index/info
INFO: [ app_begin ] --START--
INFO: Run ReadHtmlCache Behavior [ RunTime:0.000569s ]
INFO: [ app_begin ] --END-- [ RunTime:0.000637s ]
SQL: SHOW COLUMNS FROM `tp_admin` [ RunTime:0.010641s ]
SQL: SELECT * FROM `tp_admin` WHERE ( `aid` = 2 )  [ RunTime:0.000296s ]
INFO: [ view_template ] --START--
INFO: Run LocationTemplate Behavior [ RunTime:0.000974s ]
INFO: [ view_template ] --END-- [ RunTime:0.001015s ]
INFO: [ view_parse ] --START--
INFO: Run ParseTemplate Behavior [ RunTime:0.036199s ]
INFO: [ view_parse ] --END-- [ RunTime:0.036253s ]
INFO: [ view_filter ] --START--
INFO: Run ContentReplace Behavior [ RunTime:0.000399s ]
INFO: Run TokenBuild Behavior [ RunTime:0.000326s ]
INFO: Run WriteHtmlCache Behavior [ RunTime:0.000246s ]
INFO: Run ShowRuntime Behavior [ RunTime:0.000345s ]
INFO: [ view_filter ] --END-- [ RunTime:0.001415s ]
INFO: [ view_end ] --START--
INFO: Run ShowPageTrace Behavior [ RunTime:0.000505s ]
INFO: [ view_end ] --END-- [ RunTime:0.000536s ]

[ 2017-05-07T21:50:29+08:00 ] ERR: (ThinkException) 无法加载模块:Tour
[ 2017-05-07T21:54:34+08:00 ] ERR: (ThinkException) 无法加载模块:Tour
[ 2017-05-07T21:54:34+08:00 ] ERR: (ThinkException) 无法加载模块:Tour
[ 2017-05-07T21:54:36+08:00 ] ERR: (ThinkException) 无法加载模块:Tour
[ 2017-05-07T21:54:36+08:00 ] ERR: (ThinkException) 无法加载模块:Tour
[ 2017-05-07T21:54:36+08:00 ] ERR: (ThinkException) 无法加载模块:Tour
[ 2017-05-07T21:54:37+08:00 ] ERR: (ThinkException) 无法加载模块:Tour
[ 2017-05-07T21:54:37+08:00 ] ERR: (ThinkException) 无法加载模块:Tour
[ 2017-05-07T21:54:37+08:00 ] ERR: (ThinkException) 无法加载模块:Tour
[ 2017-05-07T21:56:34+08:00 ] ERR: (ThinkException) 无法加载模块:Admin
[ 2017-05-07T21:57:12+08:00 ] ERR: (ThinkException) 非法操作:static
[ 2017-05-07T21:57:12+08:00 ] ERR: (ThinkException) 非法操作:static
[ 2017-05-07T21:57:12+08:00 ] ERR: (ThinkException) 非法操作:lib
[ 2017-05-07T21:57:12+08:00 ] ERR: (ThinkException) 非法操作:static
[ 2017-05-07T21:57:12+08:00 ] ERR: (ThinkException) 非法操作:static
[ 2017-05-07T21:57:12+08:00 ] ERR: (ThinkException) 非法操作:lib
[ 2017-05-07T21:57:12+08:00 ] ERR: (ThinkException) 非法操作:lib
[ 2017-05-07T21:57:12+08:00 ] ERR: (ThinkException) 非法操作:static
[ 2017-05-07T21:57:12+08:00 ] ERR: (ThinkException) 非法操作:static
[ 2017-05-07T21:57:12+08:00 ] ERR: (ThinkException) 非法操作:lib
[ 2017-05-07T21:57:12+08:00 ] ERR: (ThinkException) 非法操作:lib
[ 2017-05-07T21:57:12+08:00 ] ERR: (ThinkException) 非法操作:lib
[ 2017-05-07T22:27:58+08:00 ] 0.0.0.0 /TourSystem/admin.php/Tour/tourlist
INFO: [ app_begin ] --START--
INFO: Run ReadHtmlCache Behavior [ RunTime:0.000551s ]
INFO: [ app_begin ] --END-- [ RunTime:0.000599s ]
SQL: SHOW COLUMNS FROM `tp_tourist` [ RunTime:0.026177s ]
SQL: SELECT * FROM `tp_tourist`  [ RunTime:0.000812s ]

[ 2017-05-07T22:28:06+08:00 ] 0.0.0.0 /TourSystem/admin.php/Tour/tourlist
INFO: [ app_begin ] --START--
INFO: Run ReadHtmlCache Behavior [ RunTime:0.001977s ]
INFO: [ app_begin ] --END-- [ RunTime:0.002194s ]
SQL: SHOW COLUMNS FROM `tp_tourist` [ RunTime:0.099743s ]
SQL: SELECT * FROM `tp_tourist`  [ RunTime:0.000733s ]

[ 2017-05-07T22:41:55+08:00 ] ERR: (ThinkException) 非法操作:article-zhang
[ 2017-05-07T23:39:11+08:00 ] ERR: (ThinkException) 非法操作:article-add
[ 2017-05-07T23:48:16+08:00 ] 0.0.0.0 /TourSystem/admin.php/Tour/index
INFO: [ app_begin ] --START--
INFO: Run ReadHtmlCache Behavior [ RunTime:0.001189s ]
INFO: [ app_begin ] --END-- [ RunTime:0.001414s ]
SQL: SHOW COLUMNS FROM `tp_tourist` [ RunTime:0.028200s ]
SQL: SELECT * FROM `tp_tourist`  [ RunTime:0.000728s ]
SQL: SELECT COUNT(*) AS tp_count FROM `tp_tourist` LIMIT 1   [ RunTime:0.000309s ]
INFO: [ view_template ] --START--
INFO: Run LocationTemplate Behavior [ RunTime:0.002580s ]
INFO: [ view_template ] --END-- [ RunTime:0.002681s ]
INFO: [ view_parse ] --START--
NOTIC: [8] Undefined index: tabtract E:\Program Files\phpstudy\WWW\TourSystem\Admin\Runtime\Cache\387b53e5b822a3a0ee8d3d22ca157ba3.php 第 75 行.
NOTIC: [8] Undefined index: tabtract E:\Program Files\phpstudy\WWW\TourSystem\Admin\Runtime\Cache\387b53e5b822a3a0ee8d3d22ca157ba3.php 第 75 行.
INFO: Run ParseTemplate Behavior [ RunTime:0.043776s ]
INFO: [ view_parse ] --END-- [ RunTime:0.043844s ]
INFO: [ view_filter ] --START--
INFO: Run ContentReplace Behavior [ RunTime:0.000815s ]
INFO: Run TokenBuild Behavior [ RunTime:0.000652s ]
INFO: Run WriteHtmlCache Behavior [ RunTime:0.000527s ]
INFO: Run ShowRuntime Behavior [ RunTime:0.000691s ]
INFO: [ view_filter ] --END-- [ RunTime:0.002816s ]
INFO: [ view_end ] --START--
INFO: Run ShowPageTrace Behavior [ RunTime:0.000818s ]
INFO: [ view_end ] --END-- [ RunTime:0.000861s ]

[ 2017-05-07T23:48:22+08:00 ] 0.0.0.0 /TourSystem/admin.php/Tour/index
INFO: [ app_begin ] --START--
INFO: Run ReadHtmlCache Behavior [ RunTime:0.001031s ]
INFO: [ app_begin ] --END-- [ RunTime:0.001129s ]
SQL: SHOW COLUMNS FROM `tp_tourist` [ RunTime:0.026793s ]
SQL: SELECT * FROM `tp_tourist`  [ RunTime:0.000990s ]
SQL: SELECT COUNT(*) AS tp_count FROM `tp_tourist` LIMIT 1   [ RunTime:0.000189s ]
INFO: [ view_template ] --START--
INFO: Run LocationTemplate Behavior [ RunTime:0.001371s ]
INFO: [ view_template ] --END-- [ RunTime:0.001422s ]
INFO: [ view_parse ] --START--
NOTIC: [8] Undefined index: tabtract E:\Program Files\phpstudy\WWW\TourSystem\Admin\Runtime\Cache\387b53e5b822a3a0ee8d3d22ca157ba3.php 第 75 行.
NOTIC: [8] Undefined index: tabtract E:\Program Files\phpstudy\WWW\TourSystem\Admin\Runtime\Cache\387b53e5b822a3a0ee8d3d22ca157ba3.php 第 75 行.
INFO: Run ParseTemplate Behavior [ RunTime:0.037075s ]
INFO: [ view_parse ] --END-- [ RunTime:0.037121s ]
INFO: [ view_filter ] --START--
INFO: Run ContentReplace Behavior [ RunTime:0.000596s ]
INFO: Run TokenBuild Behavior [ RunTime:0.000476s ]
INFO: Run WriteHtmlCache Behavior [ RunTime:0.000399s ]
INFO: Run ShowRuntime Behavior [ RunTime:0.000520s ]
INFO: [ view_filter ] --END-- [ RunTime:0.002084s ]
INFO: [ view_end ] --START--
INFO: Run ShowPageTrace Behavior [ RunTime:0.000598s ]
INFO: [ view_end ] --END-- [ RunTime:0.000630s ]

[ 2017-05-07T23:49:49+08:00 ] 0.0.0.0 /TourSystem/admin.php/Tour/index
INFO: [ app_begin ] --START--
INFO: Run ReadHtmlCache Behavior [ RunTime:0.001136s ]
INFO: [ app_begin ] --END-- [ RunTime:0.001207s ]
SQL: SHOW COLUMNS FROM `tp_tourist` [ RunTime:0.012260s ]
SQL: SELECT * FROM `tp_tourist`  [ RunTime:0.000355s ]
SQL: SELECT COUNT(*) AS tp_count FROM `tp_tourist` LIMIT 1   [ RunTime:0.000151s ]
INFO: [ view_template ] --START--
INFO: Run LocationTemplate Behavior [ RunTime:0.001242s ]
INFO: [ view_template ] --END-- [ RunTime:0.001290s ]
INFO: [ view_parse ] --START--
NOTIC: [8] Undefined index: tabtract E:\Program Files\phpstudy\WWW\TourSystem\Admin\Runtime\Cache\387b53e5b822a3a0ee8d3d22ca157ba3.php 第 75 行.
NOTIC: [8] Undefined index: tabtract E:\Program Files\phpstudy\WWW\TourSystem\Admin\Runtime\Cache\387b53e5b822a3a0ee8d3d22ca157ba3.php 第 75 行.
INFO: Run ParseTemplate Behavior [ RunTime:0.035094s ]
INFO: [ view_parse ] --END-- [ RunTime:0.035138s ]
INFO: [ view_filter ] --START--
INFO: Run ContentReplace Behavior [ RunTime:0.000603s ]
INFO: Run TokenBuild Behavior [ RunTime:0.000477s ]
INFO: Run WriteHtmlCache Behavior [ RunTime:0.000402s ]
INFO: Run ShowRuntime Behavior [ RunTime:0.000524s ]
INFO: [ view_filter ] --END-- [ RunTime:0.002099s ]
INFO: [ view_end ] --START--
INFO: Run ShowPageTrace Behavior [ RunTime:0.000603s ]
INFO: [ view_end ] --END-- [ RunTime:0.000634s ]

[ 2017-05-07T23:50:16+08:00 ] 0.0.0.0 /TourSystem/admin.php/Tour/index
INFO: [ app_begin ] --START--
INFO: Run ReadHtmlCache Behavior [ RunTime:0.001699s ]
INFO: [ app_begin ] --END-- [ RunTime:0.001809s ]
SQL: SHOW COLUMNS FROM `tp_tourist` [ RunTime:0.015477s ]
SQL: SELECT * FROM `tp_tourist`  [ RunTime:0.000442s ]
SQL: SELECT COUNT(*) AS tp_count FROM `tp_tourist` LIMIT 1   [ RunTime:0.000227s ]
INFO: [ view_template ] --START--
INFO: Run LocationTemplate Behavior [ RunTime:0.002426s ]
INFO: [ view_template ] --END-- [ RunTime:0.002533s ]
INFO: [ view_parse ] --START--
NOTIC: [8] Undefined index: tabtract E:\Program Files\phpstudy\WWW\TourSystem\Admin\Runtime\Cache\387b53e5b822a3a0ee8d3d22ca157ba3.php 第 75 行.
NOTIC: [8] Undefined index: tabtract E:\Program Files\phpstudy\WWW\TourSystem\Admin\Runtime\Cache\387b53e5b822a3a0ee8d3d22ca157ba3.php 第 75 行.
INFO: Run ParseTemplate Behavior [ RunTime:0.040740s ]
INFO: [ view_parse ] --END-- [ RunTime:0.040813s ]
INFO: [ view_filter ] --START--
INFO: Run ContentReplace Behavior [ RunTime:0.000590s ]
INFO: Run TokenBuild Behavior [ RunTime:0.000523s ]
INFO: Run WriteHtmlCache Behavior [ RunTime:0.000425s ]
INFO: Run ShowRuntime Behavior [ RunTime:0.000678s ]
INFO: [ view_filter ] --END-- [ RunTime:0.002323s ]
INFO: [ view_end ] --START--
INFO: Run ShowPageTrace Behavior [ RunTime:0.000742s ]
INFO: [ view_end ] --END-- [ RunTime:0.000778s ]

[ 2017-05-07T23:52:01+08:00 ] 0.0.0.0 /TourSystem/admin.php/Tour/index
INFO: [ app_begin ] --START--
INFO: Run ReadHtmlCache Behavior [ RunTime:0.001091s ]
INFO: [ app_begin ] --END-- [ RunTime:0.001172s ]
SQL: SHOW COLUMNS FROM `tp_tourist` [ RunTime:0.080575s ]
SQL: SELECT * FROM `tp_tourist`  [ RunTime:0.000470s ]
SQL: SELECT COUNT(*) AS tp_count FROM `tp_tourist` LIMIT 1   [ RunTime:0.000248s ]
INFO: [ view_template ] --START--
INFO: Run LocationTemplate Behavior [ RunTime:0.001594s ]
INFO: [ view_template ] --END-- [ RunTime:0.001659s ]
INFO: [ view_parse ] --START--
NOTIC: [8] Undefined index: tabtract E:\Program Files\phpstudy\WWW\TourSystem\Admin\Runtime\Cache\387b53e5b822a3a0ee8d3d22ca157ba3.php 第 75 行.
NOTIC: [8] Undefined index: tabtract E:\Program Files\phpstudy\WWW\TourSystem\Admin\Runtime\Cache\387b53e5b822a3a0ee8d3d22ca157ba3.php 第 75 行.
INFO: Run ParseTemplate Behavior [ RunTime:0.038301s ]
INFO: [ view_parse ] --END-- [ RunTime:0.038349s ]
INFO: [ view_filter ] --START--
INFO: Run ContentReplace Behavior [ RunTime:0.000563s ]
INFO: Run TokenBuild Behavior [ RunTime:0.000479s ]
INFO: Run WriteHtmlCache Behavior [ RunTime:0.000398s ]
INFO: Run ShowRuntime Behavior [ RunTime:0.000518s ]
INFO: [ view_filter ] --END-- [ RunTime:0.002054s ]
INFO: [ view_end ] --START--
INFO: Run ShowPageTrace Behavior [ RunTime:0.000597s ]
INFO: [ view_end ] --END-- [ RunTime:0.000628s ]

[ 2017-05-07T23:54:39+08:00 ] ERR: (ThinkException) 无法加载模块:Tourdel
[ 2017-05-07T23:55:20+08:00 ] ERR: (ThinkException) 无法加载模块:Tourdel
[ 2017-05-07T23:56:20+08:00 ] 0.0.0.0 /TourSystem/admin.php/Tour/del
INFO: [ app_begin ] --START--
INFO: Run ReadHtmlCache Behavior [ RunTime:0.002019s ]
INFO: [ app_begin ] --END-- [ RunTime:0.002122s ]
INFO: [ view_template ] --START--
INFO: Run LocationTemplate Behavior [ RunTime:0.001865s ]
INFO: [ view_template ] --END-- [ RunTime:0.002023s ]
INFO: [ view_parse ] --START--
NOTIC: [8] Undefined variable: count E:\Program Files\phpstudy\WWW\TourSystem\Admin\Runtime\Cache\387b53e5b822a3a0ee8d3d22ca157ba3.php 第 42 行.
NOTIC: [8] Undefined variable: data E:\Program Files\phpstudy\WWW\TourSystem\Admin\Runtime\Cache\387b53e5b822a3a0ee8d3d22ca157ba3.php 第 66 行.
INFO: Run ParseTemplate Behavior [ RunTime:0.046338s ]
INFO: [ view_parse ] --END-- [ RunTime:0.046387s ]
INFO: [ view_filter ] --START--
INFO: Run ContentReplace Behavior [ RunTime:0.000683s ]
INFO: Run TokenBuild Behavior [ RunTime:0.000871s ]
INFO: Run WriteHtmlCache Behavior [ RunTime:0.000658s ]
INFO: Run ShowRuntime Behavior [ RunTime:0.000704s ]
INFO: [ view_filter ] --END-- [ RunTime:0.003074s ]
INFO: [ view_end ] --START--
INFO: Run ShowPageTrace Behavior [ RunTime:0.000707s ]
INFO: [ view_end ] --END-- [ RunTime:0.000747s ]

[ 2017-05-07T23:56:57+08:00 ] 0.0.0.0 /TourSystem/admin.php/Tour/del
INFO: [ app_begin ] --START--
INFO: Run ReadHtmlCache Behavior [ RunTime:0.001280s ]
INFO: [ app_begin ] --END-- [ RunTime:0.001389s ]
INFO: [ view_template ] --START--
INFO: Run LocationTemplate Behavior [ RunTime:0.002894s ]
INFO: [ view_template ] --END-- [ RunTime:0.003226s ]
INFO: [ view_parse ] --START--
NOTIC: [8] Undefined variable: count E:\Program Files\phpstudy\WWW\TourSystem\Admin\Runtime\Cache\387b53e5b822a3a0ee8d3d22ca157ba3.php 第 42 行.
NOTIC: [8] Undefined variable: data E:\Program Files\phpstudy\WWW\TourSystem\Admin\Runtime\Cache\387b53e5b822a3a0ee8d3d22ca157ba3.php 第 66 行.
INFO: Run ParseTemplate Behavior [ RunTime:0.044969s ]
INFO: [ view_parse ] --END-- [ RunTime:0.045034s ]
INFO: [ view_filter ] --START--
INFO: Run ContentReplace Behavior [ RunTime:0.000610s ]
INFO: Run TokenBuild Behavior [ RunTime:0.000527s ]
INFO: Run WriteHtmlCache Behavior [ RunTime:0.000442s ]
INFO: Run ShowRuntime Behavior [ RunTime:0.000575s ]
INFO: [ view_filter ] --END-- [ RunTime:0.002263s ]
INFO: [ view_end ] --START--
INFO: Run ShowPageTrace Behavior [ RunTime:0.000681s ]
INFO: [ view_end ] --END-- [ RunTime:0.000719s ]

