[ 2017-05-08T00:17:04+08:00 ] 0.0.0.0 /TourSystem/admin.php/Tour/del
INFO: [ app_begin ] --START--
INFO: Run ReadHtmlCache Behavior [ RunTime:0.001106s ]
INFO: [ app_begin ] --END-- [ RunTime:0.001161s ]
SQL: SHOW COLUMNS FROM `tp_admin` [ RunTime:0.023601s ]
NOTIC: [8] Array to string conversion E:\Program Files\phpstudy\WWW\TourSystem\ThinkPHP\Lib\Core\Model.class.php 第 239 行.
SQL: SELECT COUNT(Array) AS tp_count FROM `tp_admin` LIMIT 1   [ RunTime:0.000409s ]
ERR: Unknown column 'Array' in 'field list'
 [ SQL语句 ] : SELECT COUNT(Array) AS tp_count FROM `tp_admin` LIMIT 1  
INFO: [ view_template ] --START--
INFO: Run LocationTemplate Behavior [ RunTime:0.003476s ]
INFO: [ view_template ] --END-- [ RunTime:0.003566s ]
INFO: [ view_parse ] --START--
NOTIC: [8] Undefined variable: count E:\Program Files\phpstudy\WWW\TourSystem\Admin\Runtime\Cache\387b53e5b822a3a0ee8d3d22ca157ba3.php 第 42 行.
NOTIC: [8] Undefined variable: data E:\Program Files\phpstudy\WWW\TourSystem\Admin\Runtime\Cache\387b53e5b822a3a0ee8d3d22ca157ba3.php 第 66 行.
INFO: Run ParseTemplate Behavior [ RunTime:0.040057s ]
INFO: [ view_parse ] --END-- [ RunTime:0.040125s ]
INFO: [ view_filter ] --START--
INFO: Run ContentReplace Behavior [ RunTime:0.000815s ]
INFO: Run TokenBuild Behavior [ RunTime:0.000733s ]
INFO: Run WriteHtmlCache Behavior [ RunTime:0.000651s ]
INFO: Run ShowRuntime Behavior [ RunTime:0.000775s ]
INFO: [ view_filter ] --END-- [ RunTime:0.003072s ]
INFO: [ view_end ] --START--
INFO: Run ShowPageTrace Behavior [ RunTime:0.000858s ]
INFO: [ view_end ] --END-- [ RunTime:0.000891s ]

[ 2017-05-08T00:17:06+08:00 ] 0.0.0.0 /TourSystem/admin.php/Tour/del
INFO: [ app_begin ] --START--
INFO: Run ReadHtmlCache Behavior [ RunTime:0.001040s ]
INFO: [ app_begin ] --END-- [ RunTime:0.001091s ]
SQL: SHOW COLUMNS FROM `tp_admin` [ RunTime:0.026487s ]
NOTIC: [8] Array to string conversion E:\Program Files\phpstudy\WWW\TourSystem\ThinkPHP\Lib\Core\Model.class.php 第 239 行.
SQL: SELECT COUNT(Array) AS tp_count FROM `tp_admin` LIMIT 1   [ RunTime:0.000408s ]
ERR: Unknown column 'Array' in 'field list'
 [ SQL语句 ] : SELECT COUNT(Array) AS tp_count FROM `tp_admin` LIMIT 1  
INFO: [ view_template ] --START--
INFO: Run LocationTemplate Behavior [ RunTime:0.003773s ]
INFO: [ view_template ] --END-- [ RunTime:0.003876s ]
INFO: [ view_parse ] --START--
NOTIC: [8] Undefined variable: count E:\Program Files\phpstudy\WWW\TourSystem\Admin\Runtime\Cache\387b53e5b822a3a0ee8d3d22ca157ba3.php 第 42 行.
NOTIC: [8] Undefined variable: data E:\Program Files\phpstudy\WWW\TourSystem\Admin\Runtime\Cache\387b53e5b822a3a0ee8d3d22ca157ba3.php 第 66 行.
INFO: Run ParseTemplate Behavior [ RunTime:0.042325s ]
INFO: [ view_parse ] --END-- [ RunTime:0.042387s ]
INFO: [ view_filter ] --START--
INFO: Run ContentReplace Behavior [ RunTime:0.000817s ]
INFO: Run TokenBuild Behavior [ RunTime:0.001247s ]
INFO: Run WriteHtmlCache Behavior [ RunTime:0.000690s ]
INFO: Run ShowRuntime Behavior [ RunTime:0.000778s ]
INFO: [ view_filter ] --END-- [ RunTime:0.003639s ]
INFO: [ view_end ] --START--
INFO: Run ShowPageTrace Behavior [ RunTime:0.000857s ]
INFO: [ view_end ] --END-- [ RunTime:0.000890s ]

[ 2017-05-08T00:17:22+08:00 ] 0.0.0.0 /TourSystem/admin.php/Tour/del
INFO: [ app_begin ] --START--
INFO: Run ReadHtmlCache Behavior [ RunTime:0.000952s ]
INFO: [ app_begin ] --END-- [ RunTime:0.001014s ]
SQL: SHOW COLUMNS FROM `tp_admin` [ RunTime:0.023406s ]
NOTIC: [8] Array to string conversion E:\Program Files\phpstudy\WWW\TourSystem\ThinkPHP\Lib\Core\Model.class.php 第 239 行.
SQL: SELECT COUNT(Array) AS tp_count FROM `tp_admin` LIMIT 1   [ RunTime:0.000405s ]
ERR: Unknown column 'Array' in 'field list'
 [ SQL语句 ] : SELECT COUNT(Array) AS tp_count FROM `tp_admin` LIMIT 1  
INFO: [ view_template ] --START--
INFO: Run LocationTemplate Behavior [ RunTime:0.003317s ]
INFO: [ view_template ] --END-- [ RunTime:0.003411s ]
INFO: [ view_parse ] --START--
NOTIC: [8] Undefined variable: count E:\Program Files\phpstudy\WWW\TourSystem\Admin\Runtime\Cache\387b53e5b822a3a0ee8d3d22ca157ba3.php 第 42 行.
NOTIC: [8] Undefined variable: data E:\Program Files\phpstudy\WWW\TourSystem\Admin\Runtime\Cache\387b53e5b822a3a0ee8d3d22ca157ba3.php 第 66 行.
INFO: Run ParseTemplate Behavior [ RunTime:0.038705s ]
INFO: [ view_parse ] --END-- [ RunTime:0.038809s ]
INFO: [ view_filter ] --START--
INFO: Run ContentReplace Behavior [ RunTime:0.001034s ]
INFO: Run TokenBuild Behavior [ RunTime:0.000934s ]
INFO: Run WriteHtmlCache Behavior [ RunTime:0.000832s ]
INFO: Run ShowRuntime Behavior [ RunTime:0.000987s ]
INFO: [ view_filter ] --END-- [ RunTime:0.003910s ]
INFO: [ view_end ] --START--
INFO: Run ShowPageTrace Behavior [ RunTime:0.001092s ]
INFO: [ view_end ] --END-- [ RunTime:0.001136s ]

[ 2017-05-08T00:17:23+08:00 ] 0.0.0.0 /TourSystem/admin.php/Tour/del
INFO: [ app_begin ] --START--
INFO: Run ReadHtmlCache Behavior [ RunTime:0.000912s ]
INFO: [ app_begin ] --END-- [ RunTime:0.000962s ]
SQL: SHOW COLUMNS FROM `tp_admin` [ RunTime:0.023587s ]
NOTIC: [8] Array to string conversion E:\Program Files\phpstudy\WWW\TourSystem\ThinkPHP\Lib\Core\Model.class.php 第 239 行.
SQL: SELECT COUNT(Array) AS tp_count FROM `tp_admin` LIMIT 1   [ RunTime:0.000408s ]
ERR: Unknown column 'Array' in 'field list'
 [ SQL语句 ] : SELECT COUNT(Array) AS tp_count FROM `tp_admin` LIMIT 1  
INFO: [ view_template ] --START--
INFO: Run LocationTemplate Behavior [ RunTime:0.003034s ]
INFO: [ view_template ] --END-- [ RunTime:0.003127s ]
INFO: [ view_parse ] --START--
NOTIC: [8] Undefined variable: count E:\Program Files\phpstudy\WWW\TourSystem\Admin\Runtime\Cache\387b53e5b822a3a0ee8d3d22ca157ba3.php 第 42 行.
NOTIC: [8] Undefined variable: data E:\Program Files\phpstudy\WWW\TourSystem\Admin\Runtime\Cache\387b53e5b822a3a0ee8d3d22ca157ba3.php 第 66 行.
INFO: Run ParseTemplate Behavior [ RunTime:0.055212s ]
INFO: [ view_parse ] --END-- [ RunTime:0.055280s ]
INFO: [ view_filter ] --START--
INFO: Run ContentReplace Behavior [ RunTime:0.000881s ]
INFO: Run TokenBuild Behavior [ RunTime:0.000791s ]
INFO: Run WriteHtmlCache Behavior [ RunTime:0.000691s ]
INFO: Run ShowRuntime Behavior [ RunTime:0.000846s ]
INFO: [ view_filter ] --END-- [ RunTime:0.003329s ]
INFO: [ view_end ] --START--
INFO: Run ShowPageTrace Behavior [ RunTime:0.000953s ]
INFO: [ view_end ] --END-- [ RunTime:0.000995s ]

[ 2017-05-08T00:20:11+08:00 ] 0.0.0.0 /TourSystem/admin.php/Tour/del
INFO: [ app_begin ] --START--
INFO: Run ReadHtmlCache Behavior [ RunTime:0.000880s ]
INFO: [ app_begin ] --END-- [ RunTime:0.000932s ]
SQL: SHOW COLUMNS FROM `tp_admin` [ RunTime:0.025981s ]
NOTIC: [8] Array to string conversion E:\Program Files\phpstudy\WWW\TourSystem\ThinkPHP\Lib\Core\Model.class.php 第 239 行.
SQL: SELECT COUNT(Array) AS tp_count FROM `tp_admin` LIMIT 1   [ RunTime:0.000415s ]
ERR: Unknown column 'Array' in 'field list'
 [ SQL语句 ] : SELECT COUNT(Array) AS tp_count FROM `tp_admin` LIMIT 1  
INFO: [ view_template ] --START--
INFO: Run LocationTemplate Behavior [ RunTime:0.002674s ]
INFO: [ view_template ] --END-- [ RunTime:0.002778s ]
INFO: [ view_parse ] --START--
NOTIC: [8] Undefined variable: count E:\Program Files\phpstudy\WWW\TourSystem\Admin\Runtime\Cache\387b53e5b822a3a0ee8d3d22ca157ba3.php 第 42 行.
NOTIC: [8] Undefined variable: data E:\Program Files\phpstudy\WWW\TourSystem\Admin\Runtime\Cache\387b53e5b822a3a0ee8d3d22ca157ba3.php 第 66 行.
INFO: Run ParseTemplate Behavior [ RunTime:0.045423s ]
INFO: [ view_parse ] --END-- [ RunTime:0.045510s ]
INFO: [ view_filter ] --START--
INFO: Run ContentReplace Behavior [ RunTime:0.001583s ]
INFO: Run TokenBuild Behavior [ RunTime:0.001398s ]
INFO: Run WriteHtmlCache Behavior [ RunTime:0.001097s ]
INFO: Run ShowRuntime Behavior [ RunTime:0.001139s ]
INFO: [ view_filter ] --END-- [ RunTime:0.005446s ]
INFO: [ view_end ] --START--
INFO: Run ShowPageTrace Behavior [ RunTime:0.001038s ]
INFO: [ view_end ] --END-- [ RunTime:0.001086s ]

[ 2017-05-08T00:23:10+08:00 ] 0.0.0.0 /TourSystem/admin.php/Tour/del
INFO: [ app_begin ] --START--
INFO: Run ReadHtmlCache Behavior [ RunTime:0.001242s ]
INFO: [ app_begin ] --END-- [ RunTime:0.001327s ]
SQL: SHOW COLUMNS FROM `tp_admin` [ RunTime:0.033021s ]
NOTIC: [8] Array to string conversion E:\Program Files\phpstudy\WWW\TourSystem\ThinkPHP\Lib\Core\Model.class.php 第 239 行.
SQL: SELECT COUNT(Array) AS tp_count FROM `tp_admin` LIMIT 1   [ RunTime:0.000247s ]
ERR: Unknown column 'Array' in 'field list'
 [ SQL语句 ] : SELECT COUNT(Array) AS tp_count FROM `tp_admin` LIMIT 1  
INFO: [ view_template ] --START--
INFO: Run LocationTemplate Behavior [ RunTime:0.001716s ]
INFO: [ view_template ] --END-- [ RunTime:0.001779s ]
INFO: [ view_parse ] --START--
NOTIC: [8] Undefined variable: count E:\Program Files\phpstudy\WWW\TourSystem\Admin\Runtime\Cache\387b53e5b822a3a0ee8d3d22ca157ba3.php 第 42 行.
NOTIC: [8] Undefined variable: data E:\Program Files\phpstudy\WWW\TourSystem\Admin\Runtime\Cache\387b53e5b822a3a0ee8d3d22ca157ba3.php 第 66 行.
INFO: Run ParseTemplate Behavior [ RunTime:0.040766s ]
INFO: [ view_parse ] --END-- [ RunTime:0.040831s ]
INFO: [ view_filter ] --START--
INFO: Run ContentReplace Behavior [ RunTime:0.000666s ]
INFO: Run TokenBuild Behavior [ RunTime:0.000609s ]
INFO: Run WriteHtmlCache Behavior [ RunTime:0.000509s ]
INFO: Run ShowRuntime Behavior [ RunTime:0.000630s ]
INFO: [ view_filter ] --END-- [ RunTime:0.002507s ]
INFO: [ view_end ] --START--
INFO: Run ShowPageTrace Behavior [ RunTime:0.000710s ]
INFO: [ view_end ] --END-- [ RunTime:0.000741s ]

[ 2017-05-08T00:23:41+08:00 ] 0.0.0.0 /TourSystem/admin.php/Tour/del
INFO: [ app_begin ] --START--
INFO: Run ReadHtmlCache Behavior [ RunTime:0.001746s ]
INFO: [ app_begin ] --END-- [ RunTime:0.001853s ]
SQL: SHOW COLUMNS FROM `tp_admin` [ RunTime:0.013631s ]
NOTIC: [8] Array to string conversion E:\Program Files\phpstudy\WWW\TourSystem\ThinkPHP\Lib\Core\Model.class.php 第 239 行.
SQL: SELECT COUNT(Array) AS tp_count FROM `tp_admin` LIMIT 1   [ RunTime:0.000284s ]
ERR: Unknown column 'Array' in 'field list'
 [ SQL语句 ] : SELECT COUNT(Array) AS tp_count FROM `tp_admin` LIMIT 1  
INFO: [ view_template ] --START--
INFO: Run LocationTemplate Behavior [ RunTime:0.001861s ]
INFO: [ view_template ] --END-- [ RunTime:0.001920s ]
INFO: [ view_parse ] --START--
NOTIC: [8] Undefined variable: count E:\Program Files\phpstudy\WWW\TourSystem\Admin\Runtime\Cache\387b53e5b822a3a0ee8d3d22ca157ba3.php 第 42 行.
NOTIC: [8] Undefined variable: data E:\Program Files\phpstudy\WWW\TourSystem\Admin\Runtime\Cache\387b53e5b822a3a0ee8d3d22ca157ba3.php 第 66 行.
INFO: Run ParseTemplate Behavior [ RunTime:0.038090s ]
INFO: [ view_parse ] --END-- [ RunTime:0.038150s ]
INFO: [ view_filter ] --START--
INFO: Run ContentReplace Behavior [ RunTime:0.000672s ]
INFO: Run TokenBuild Behavior [ RunTime:0.000714s ]
INFO: Run WriteHtmlCache Behavior [ RunTime:0.000534s ]
INFO: Run ShowRuntime Behavior [ RunTime:0.000755s ]
INFO: [ view_filter ] --END-- [ RunTime:0.002798s ]
INFO: [ view_end ] --START--
INFO: Run ShowPageTrace Behavior [ RunTime:0.000799s ]
INFO: [ view_end ] --END-- [ RunTime:0.000834s ]

[ 2017-05-08T00:24:10+08:00 ] 0.0.0.0 /TourSystem/admin.php/Tour/del
INFO: [ app_begin ] --START--
INFO: Run ReadHtmlCache Behavior [ RunTime:0.001815s ]
INFO: [ app_begin ] --END-- [ RunTime:0.001977s ]
SQL: SHOW COLUMNS FROM `tp_admin` [ RunTime:0.011963s ]
NOTIC: [8] Array to string conversion E:\Program Files\phpstudy\WWW\TourSystem\ThinkPHP\Lib\Core\Model.class.php 第 239 行.
SQL: SELECT COUNT(Array) AS tp_count FROM `tp_admin` LIMIT 1   [ RunTime:0.000241s ]
ERR: Unknown column 'Array' in 'field list'
 [ SQL语句 ] : SELECT COUNT(Array) AS tp_count FROM `tp_admin` LIMIT 1  
INFO: [ view_template ] --START--
INFO: Run LocationTemplate Behavior [ RunTime:0.001287s ]
INFO: [ view_template ] --END-- [ RunTime:0.001328s ]
INFO: [ view_parse ] --START--
NOTIC: [8] Undefined variable: count E:\Program Files\phpstudy\WWW\TourSystem\Admin\Runtime\Cache\387b53e5b822a3a0ee8d3d22ca157ba3.php 第 42 行.
NOTIC: [8] Undefined variable: data E:\Program Files\phpstudy\WWW\TourSystem\Admin\Runtime\Cache\387b53e5b822a3a0ee8d3d22ca157ba3.php 第 66 行.
INFO: Run ParseTemplate Behavior [ RunTime:0.033908s ]
INFO: [ view_parse ] --END-- [ RunTime:0.033958s ]
INFO: [ view_filter ] --START--
INFO: Run ContentReplace Behavior [ RunTime:0.001174s ]
INFO: Run TokenBuild Behavior [ RunTime:0.000853s ]
INFO: Run WriteHtmlCache Behavior [ RunTime:0.000563s ]
INFO: Run ShowRuntime Behavior [ RunTime:0.000677s ]
INFO: [ view_filter ] --END-- [ RunTime:0.003394s ]
INFO: [ view_end ] --START--
INFO: Run ShowPageTrace Behavior [ RunTime:0.000766s ]
INFO: [ view_end ] --END-- [ RunTime:0.000800s ]

[ 2017-05-08T00:25:57+08:00 ] 0.0.0.0 /TourSystem/admin.php/Tour/del
INFO: [ app_begin ] --START--
INFO: Run ReadHtmlCache Behavior [ RunTime:0.001142s ]
INFO: [ app_begin ] --END-- [ RunTime:0.001213s ]
SQL: SHOW COLUMNS FROM `tp_admin` [ RunTime:0.023672s ]
NOTIC: [8] Array to string conversion E:\Program Files\phpstudy\WWW\TourSystem\ThinkPHP\Lib\Core\Model.class.php 第 239 行.
SQL: SELECT COUNT(Array) AS tp_count FROM `tp_admin` LIMIT 1   [ RunTime:0.000401s ]
ERR: Unknown column 'Array' in 'field list'
 [ SQL语句 ] : SELECT COUNT(Array) AS tp_count FROM `tp_admin` LIMIT 1  
INFO: [ view_template ] --START--
INFO: Run LocationTemplate Behavior [ RunTime:0.002933s ]
INFO: [ view_template ] --END-- [ RunTime:0.003027s ]
INFO: [ view_parse ] --START--
NOTIC: [8] Undefined variable: count E:\Program Files\phpstudy\WWW\TourSystem\Admin\Runtime\Cache\387b53e5b822a3a0ee8d3d22ca157ba3.php 第 42 行.
NOTIC: [8] Undefined variable: data E:\Program Files\phpstudy\WWW\TourSystem\Admin\Runtime\Cache\387b53e5b822a3a0ee8d3d22ca157ba3.php 第 66 行.
INFO: Run ParseTemplate Behavior [ RunTime:0.049877s ]
INFO: [ view_parse ] --END-- [ RunTime:0.049938s ]
INFO: [ view_filter ] --START--
INFO: Run ContentReplace Behavior [ RunTime:0.000691s ]
INFO: Run TokenBuild Behavior [ RunTime:0.000587s ]
INFO: Run WriteHtmlCache Behavior [ RunTime:0.000507s ]
INFO: Run ShowRuntime Behavior [ RunTime:0.000630s ]
INFO: [ view_filter ] --END-- [ RunTime:0.002508s ]
INFO: [ view_end ] --START--
INFO: Run ShowPageTrace Behavior [ RunTime:0.000711s ]
INFO: [ view_end ] --END-- [ RunTime:0.000744s ]

[ 2017-05-08T00:28:07+08:00 ] 0.0.0.0 /TourSystem/admin.php/Tour/del
INFO: [ app_begin ] --START--
INFO: Run ReadHtmlCache Behavior [ RunTime:0.001378s ]
INFO: [ app_begin ] --END-- [ RunTime:0.001483s ]
SQL: SHOW COLUMNS FROM `tp_admin` [ RunTime:0.024429s ]
SQL: SELECT COUNT(zhang) AS tp_count FROM `tp_admin` LIMIT 1   [ RunTime:0.000400s ]
ERR: Unknown column 'zhang' in 'field list'
 [ SQL语句 ] : SELECT COUNT(zhang) AS tp_count FROM `tp_admin` LIMIT 1  
INFO: [ view_template ] --START--
INFO: Run LocationTemplate Behavior [ RunTime:0.003444s ]
INFO: [ view_template ] --END-- [ RunTime:0.003589s ]
INFO: [ view_parse ] --START--
NOTIC: [8] Undefined variable: count E:\Program Files\phpstudy\WWW\TourSystem\Admin\Runtime\Cache\387b53e5b822a3a0ee8d3d22ca157ba3.php 第 42 行.
NOTIC: [8] Undefined variable: data E:\Program Files\phpstudy\WWW\TourSystem\Admin\Runtime\Cache\387b53e5b822a3a0ee8d3d22ca157ba3.php 第 66 行.
INFO: Run ParseTemplate Behavior [ RunTime:0.045036s ]
INFO: [ view_parse ] --END-- [ RunTime:0.045126s ]
INFO: [ view_filter ] --START--
INFO: Run ContentReplace Behavior [ RunTime:0.000662s ]
INFO: Run TokenBuild Behavior [ RunTime:0.000582s ]
INFO: Run WriteHtmlCache Behavior [ RunTime:0.000508s ]
INFO: Run ShowRuntime Behavior [ RunTime:0.000653s ]
INFO: [ view_filter ] --END-- [ RunTime:0.002499s ]
INFO: [ view_end ] --START--
INFO: Run ShowPageTrace Behavior [ RunTime:0.000715s ]
INFO: [ view_end ] --END-- [ RunTime:0.000747s ]

[ 2017-05-08T00:28:23+08:00 ] 0.0.0.0 /TourSystem/admin.php/Tour/del
INFO: [ app_begin ] --START--
INFO: Run ReadHtmlCache Behavior [ RunTime:0.005936s ]
INFO: [ app_begin ] --END-- [ RunTime:0.006072s ]
SQL: SHOW COLUMNS FROM `tp_admin` [ RunTime:0.023738s ]
SQL: SELECT COUNT(zhang) AS tp_count FROM `tp_admin` LIMIT 1   [ RunTime:0.000407s ]
ERR: Unknown column 'zhang' in 'field list'
 [ SQL语句 ] : SELECT COUNT(zhang) AS tp_count FROM `tp_admin` LIMIT 1  
INFO: [ view_template ] --START--
INFO: Run LocationTemplate Behavior [ RunTime:0.002941s ]
INFO: [ view_template ] --END-- [ RunTime:0.003034s ]
INFO: [ view_parse ] --START--
NOTIC: [8] Undefined variable: count E:\Program Files\phpstudy\WWW\TourSystem\Admin\Runtime\Cache\387b53e5b822a3a0ee8d3d22ca157ba3.php 第 42 行.
NOTIC: [8] Undefined variable: data E:\Program Files\phpstudy\WWW\TourSystem\Admin\Runtime\Cache\387b53e5b822a3a0ee8d3d22ca157ba3.php 第 66 行.
INFO: Run ParseTemplate Behavior [ RunTime:0.048193s ]
INFO: [ view_parse ] --END-- [ RunTime:0.048254s ]
INFO: [ view_filter ] --START--
INFO: Run ContentReplace Behavior [ RunTime:0.000684s ]
INFO: Run TokenBuild Behavior [ RunTime:0.000623s ]
INFO: Run WriteHtmlCache Behavior [ RunTime:0.000507s ]
INFO: Run ShowRuntime Behavior [ RunTime:0.000793s ]
INFO: [ view_filter ] --END-- [ RunTime:0.002726s ]
INFO: [ view_end ] --START--
INFO: Run ShowPageTrace Behavior [ RunTime:0.001023s ]
INFO: [ view_end ] --END-- [ RunTime:0.001066s ]

[ 2017-05-08T00:31:39+08:00 ] 0.0.0.0 /TourSystem/admin.php/Tour/del
INFO: [ app_begin ] --START--
INFO: Run ReadHtmlCache Behavior [ RunTime:0.001894s ]
INFO: [ app_begin ] --END-- [ RunTime:0.002030s ]
SQL: SHOW COLUMNS FROM `tp_admin` [ RunTime:0.026435s ]
SQL: SELECT * FROM `tp_admin` WHERE ( `aid` = 0 ) LIMIT 1   [ RunTime:0.000557s ]
INFO: [ view_template ] --START--
INFO: Run LocationTemplate Behavior [ RunTime:0.004021s ]
INFO: [ view_template ] --END-- [ RunTime:0.004155s ]
INFO: [ view_parse ] --START--
NOTIC: [8] Undefined variable: count E:\Program Files\phpstudy\WWW\TourSystem\Admin\Runtime\Cache\387b53e5b822a3a0ee8d3d22ca157ba3.php 第 42 行.
NOTIC: [8] Undefined variable: data E:\Program Files\phpstudy\WWW\TourSystem\Admin\Runtime\Cache\387b53e5b822a3a0ee8d3d22ca157ba3.php 第 66 行.
INFO: Run ParseTemplate Behavior [ RunTime:0.049700s ]
INFO: [ view_parse ] --END-- [ RunTime:0.049765s ]
INFO: [ view_filter ] --START--
INFO: Run ContentReplace Behavior [ RunTime:0.000667s ]
INFO: Run TokenBuild Behavior [ RunTime:0.000609s ]
INFO: Run WriteHtmlCache Behavior [ RunTime:0.000508s ]
INFO: Run ShowRuntime Behavior [ RunTime:0.000629s ]
INFO: [ view_filter ] --END-- [ RunTime:0.002509s ]
INFO: [ view_end ] --START--
INFO: Run ShowPageTrace Behavior [ RunTime:0.000710s ]
INFO: [ view_end ] --END-- [ RunTime:0.000743s ]

[ 2017-05-08T00:32:50+08:00 ] 0.0.0.0 /TourSystem/admin.php/Tour/del
INFO: [ app_begin ] --START--
INFO: Run ReadHtmlCache Behavior [ RunTime:0.001822s ]
INFO: [ app_begin ] --END-- [ RunTime:0.001917s ]
SQL: SHOW COLUMNS FROM `tp_admin` [ RunTime:0.023374s ]
SQL: SELECT * FROM `tp_admin` WHERE ( `aid` = 0 ) LIMIT 1   [ RunTime:0.000520s ]
INFO: [ view_template ] --START--
INFO: Run LocationTemplate Behavior [ RunTime:0.002941s ]
INFO: [ view_template ] --END-- [ RunTime:0.003037s ]
INFO: [ view_parse ] --START--
NOTIC: [8] Undefined variable: count E:\Program Files\phpstudy\WWW\TourSystem\Admin\Runtime\Cache\387b53e5b822a3a0ee8d3d22ca157ba3.php 第 42 行.
NOTIC: [8] Undefined variable: data E:\Program Files\phpstudy\WWW\TourSystem\Admin\Runtime\Cache\387b53e5b822a3a0ee8d3d22ca157ba3.php 第 66 行.
INFO: Run ParseTemplate Behavior [ RunTime:0.042630s ]
INFO: [ view_parse ] --END-- [ RunTime:0.042691s ]
INFO: [ view_filter ] --START--
INFO: Run ContentReplace Behavior [ RunTime:0.000686s ]
INFO: Run TokenBuild Behavior [ RunTime:0.000581s ]
INFO: Run WriteHtmlCache Behavior [ RunTime:0.000504s ]
INFO: Run ShowRuntime Behavior [ RunTime:0.000627s ]
INFO: [ view_filter ] --END-- [ RunTime:0.002493s ]
INFO: [ view_end ] --START--
INFO: Run ShowPageTrace Behavior [ RunTime:0.000706s ]
INFO: [ view_end ] --END-- [ RunTime:0.000738s ]

[ 2017-05-08T00:34:45+08:00 ] 0.0.0.0 /TourSystem/admin.php/Tour/del
INFO: [ app_begin ] --START--
INFO: Run ReadHtmlCache Behavior [ RunTime:0.000837s ]
INFO: [ app_begin ] --END-- [ RunTime:0.000887s ]
SQL: SHOW COLUMNS FROM `tp_admin` [ RunTime:0.028547s ]
SQL: SELECT * FROM `tp_admin` WHERE ( `aid` = 0 ) LIMIT 1   [ RunTime:0.000657s ]
INFO: [ view_template ] --START--
INFO: Run LocationTemplate Behavior [ RunTime:0.003268s ]
INFO: [ view_template ] --END-- [ RunTime:0.003399s ]
INFO: [ view_parse ] --START--
NOTIC: [8] Undefined variable: count E:\Program Files\phpstudy\WWW\TourSystem\Admin\Runtime\Cache\387b53e5b822a3a0ee8d3d22ca157ba3.php 第 42 行.
NOTIC: [8] Undefined variable: data E:\Program Files\phpstudy\WWW\TourSystem\Admin\Runtime\Cache\387b53e5b822a3a0ee8d3d22ca157ba3.php 第 66 行.
INFO: Run ParseTemplate Behavior [ RunTime:0.047608s ]
INFO: [ view_parse ] --END-- [ RunTime:0.047672s ]
INFO: [ view_filter ] --START--
INFO: Run ContentReplace Behavior [ RunTime:0.000663s ]
INFO: Run TokenBuild Behavior [ RunTime:0.000579s ]
INFO: Run WriteHtmlCache Behavior [ RunTime:0.000514s ]
INFO: Run ShowRuntime Behavior [ RunTime:0.000625s ]
INFO: [ view_filter ] --END-- [ RunTime:0.002489s ]
INFO: [ view_end ] --START--
INFO: Run ShowPageTrace Behavior [ RunTime:0.000709s ]
INFO: [ view_end ] --END-- [ RunTime:0.000742s ]

[ 2017-05-08T00:34:47+08:00 ] 0.0.0.0 /TourSystem/admin.php/Tour/del
INFO: [ app_begin ] --START--
INFO: Run ReadHtmlCache Behavior [ RunTime:0.000850s ]
INFO: [ app_begin ] --END-- [ RunTime:0.000900s ]
SQL: SHOW COLUMNS FROM `tp_admin` [ RunTime:0.023498s ]
SQL: SELECT * FROM `tp_admin` WHERE ( `aid` = 0 ) LIMIT 1   [ RunTime:0.000311s ]
INFO: [ view_template ] --START--
INFO: Run LocationTemplate Behavior [ RunTime:0.001498s ]
INFO: [ view_template ] --END-- [ RunTime:0.001561s ]
INFO: [ view_parse ] --START--
NOTIC: [8] Undefined variable: count E:\Program Files\phpstudy\WWW\TourSystem\Admin\Runtime\Cache\387b53e5b822a3a0ee8d3d22ca157ba3.php 第 42 行.
NOTIC: [8] Undefined variable: data E:\Program Files\phpstudy\WWW\TourSystem\Admin\Runtime\Cache\387b53e5b822a3a0ee8d3d22ca157ba3.php 第 66 行.
INFO: Run ParseTemplate Behavior [ RunTime:0.036628s ]
INFO: [ view_parse ] --END-- [ RunTime:0.036677s ]
INFO: [ view_filter ] --START--
INFO: Run ContentReplace Behavior [ RunTime:0.000726s ]
INFO: Run TokenBuild Behavior [ RunTime:0.000620s ]
INFO: Run WriteHtmlCache Behavior [ RunTime:0.000764s ]
INFO: Run ShowRuntime Behavior [ RunTime:0.000847s ]
INFO: [ view_filter ] --END-- [ RunTime:0.003080s ]
INFO: [ view_end ] --START--
INFO: Run ShowPageTrace Behavior [ RunTime:0.000789s ]
INFO: [ view_end ] --END-- [ RunTime:0.000825s ]

[ 2017-05-08T00:34:48+08:00 ] 0.0.0.0 /TourSystem/admin.php/Tour/del
INFO: [ app_begin ] --START--
INFO: Run ReadHtmlCache Behavior [ RunTime:0.001023s ]
INFO: [ app_begin ] --END-- [ RunTime:0.001076s ]
SQL: SHOW COLUMNS FROM `tp_admin` [ RunTime:0.013388s ]
SQL: SELECT * FROM `tp_admin` WHERE ( `aid` = 0 ) LIMIT 1   [ RunTime:0.000210s ]
INFO: [ view_template ] --START--
INFO: Run LocationTemplate Behavior [ RunTime:0.001367s ]
INFO: [ view_template ] --END-- [ RunTime:0.001409s ]
INFO: [ view_parse ] --START--
NOTIC: [8] Undefined variable: count E:\Program Files\phpstudy\WWW\TourSystem\Admin\Runtime\Cache\387b53e5b822a3a0ee8d3d22ca157ba3.php 第 42 行.
NOTIC: [8] Undefined variable: data E:\Program Files\phpstudy\WWW\TourSystem\Admin\Runtime\Cache\387b53e5b822a3a0ee8d3d22ca157ba3.php 第 66 行.
INFO: Run ParseTemplate Behavior [ RunTime:0.032557s ]
INFO: [ view_parse ] --END-- [ RunTime:0.032599s ]
INFO: [ view_filter ] --START--
INFO: Run ContentReplace Behavior [ RunTime:0.000837s ]
INFO: Run TokenBuild Behavior [ RunTime:0.000725s ]
INFO: Run WriteHtmlCache Behavior [ RunTime:0.000647s ]
INFO: Run ShowRuntime Behavior [ RunTime:0.000768s ]
INFO: [ view_filter ] --END-- [ RunTime:0.003071s ]
INFO: [ view_end ] --START--
INFO: Run ShowPageTrace Behavior [ RunTime:0.000853s ]
INFO: [ view_end ] --END-- [ RunTime:0.000887s ]

[ 2017-05-08T00:34:49+08:00 ] 0.0.0.0 /TourSystem/admin.php/Tour/del
INFO: [ app_begin ] --START--
INFO: Run ReadHtmlCache Behavior [ RunTime:0.001402s ]
INFO: [ app_begin ] --END-- [ RunTime:0.001515s ]
SQL: SHOW COLUMNS FROM `tp_admin` [ RunTime:0.024853s ]
SQL: SELECT * FROM `tp_admin` WHERE ( `aid` = 0 ) LIMIT 1   [ RunTime:0.000522s ]
INFO: [ view_template ] --START--
INFO: Run LocationTemplate Behavior [ RunTime:0.002901s ]
INFO: [ view_template ] --END-- [ RunTime:0.003003s ]
INFO: [ view_parse ] --START--
NOTIC: [8] Undefined variable: count E:\Program Files\phpstudy\WWW\TourSystem\Admin\Runtime\Cache\387b53e5b822a3a0ee8d3d22ca157ba3.php 第 42 行.
NOTIC: [8] Undefined variable: data E:\Program Files\phpstudy\WWW\TourSystem\Admin\Runtime\Cache\387b53e5b822a3a0ee8d3d22ca157ba3.php 第 66 行.
INFO: Run ParseTemplate Behavior [ RunTime:0.042563s ]
INFO: [ view_parse ] --END-- [ RunTime:0.042624s ]
INFO: [ view_filter ] --START--
INFO: Run ContentReplace Behavior [ RunTime:0.000711s ]
INFO: Run TokenBuild Behavior [ RunTime:0.000597s ]
INFO: Run WriteHtmlCache Behavior [ RunTime:0.000622s ]
INFO: Run ShowRuntime Behavior [ RunTime:0.001076s ]
INFO: [ view_filter ] --END-- [ RunTime:0.003130s ]
INFO: [ view_end ] --START--
INFO: Run ShowPageTrace Behavior [ RunTime:0.000982s ]
INFO: [ view_end ] --END-- [ RunTime:0.001023s ]

[ 2017-05-08T00:34:50+08:00 ] 0.0.0.0 /TourSystem/admin.php/Tour/del
INFO: [ app_begin ] --START--
INFO: Run ReadHtmlCache Behavior [ RunTime:0.000868s ]
INFO: [ app_begin ] --END-- [ RunTime:0.000919s ]
SQL: SHOW COLUMNS FROM `tp_admin` [ RunTime:0.024380s ]
SQL: SELECT * FROM `tp_admin` WHERE ( `aid` = 0 ) LIMIT 1   [ RunTime:0.000285s ]
INFO: [ view_template ] --START--
INFO: Run LocationTemplate Behavior [ RunTime:0.002223s ]
INFO: [ view_template ] --END-- [ RunTime:0.002308s ]
INFO: [ view_parse ] --START--
NOTIC: [8] Undefined variable: count E:\Program Files\phpstudy\WWW\TourSystem\Admin\Runtime\Cache\387b53e5b822a3a0ee8d3d22ca157ba3.php 第 42 行.
NOTIC: [8] Undefined variable: data E:\Program Files\phpstudy\WWW\TourSystem\Admin\Runtime\Cache\387b53e5b822a3a0ee8d3d22ca157ba3.php 第 66 行.
INFO: Run ParseTemplate Behavior [ RunTime:0.046979s ]
INFO: [ view_parse ] --END-- [ RunTime:0.047036s ]
INFO: [ view_filter ] --START--
INFO: Run ContentReplace Behavior [ RunTime:0.000719s ]
INFO: Run TokenBuild Behavior [ RunTime:0.000627s ]
INFO: Run WriteHtmlCache Behavior [ RunTime:0.000538s ]
INFO: Run ShowRuntime Behavior [ RunTime:0.000748s ]
INFO: [ view_filter ] --END-- [ RunTime:0.002735s ]
INFO: [ view_end ] --START--
INFO: Run ShowPageTrace Behavior [ RunTime:0.000810s ]
INFO: [ view_end ] --END-- [ RunTime:0.000853s ]

[ 2017-05-08T00:34:51+08:00 ] 0.0.0.0 /TourSystem/admin.php/Tour/del
INFO: [ app_begin ] --START--
INFO: Run ReadHtmlCache Behavior [ RunTime:0.000846s ]
INFO: [ app_begin ] --END-- [ RunTime:0.000896s ]
SQL: SHOW COLUMNS FROM `tp_admin` [ RunTime:0.023830s ]
SQL: SELECT * FROM `tp_admin` WHERE ( `aid` = 0 ) LIMIT 1   [ RunTime:0.000510s ]
INFO: [ view_template ] --START--
INFO: Run LocationTemplate Behavior [ RunTime:0.002914s ]
INFO: [ view_template ] --END-- [ RunTime:0.003010s ]
INFO: [ view_parse ] --START--
NOTIC: [8] Undefined variable: count E:\Program Files\phpstudy\WWW\TourSystem\Admin\Runtime\Cache\387b53e5b822a3a0ee8d3d22ca157ba3.php 第 42 行.
NOTIC: [8] Undefined variable: data E:\Program Files\phpstudy\WWW\TourSystem\Admin\Runtime\Cache\387b53e5b822a3a0ee8d3d22ca157ba3.php 第 66 行.
INFO: Run ParseTemplate Behavior [ RunTime:0.051441s ]
INFO: [ view_parse ] --END-- [ RunTime:0.051502s ]
INFO: [ view_filter ] --START--
INFO: Run ContentReplace Behavior [ RunTime:0.000679s ]
INFO: Run TokenBuild Behavior [ RunTime:0.000609s ]
INFO: Run WriteHtmlCache Behavior [ RunTime:0.000503s ]
INFO: Run ShowRuntime Behavior [ RunTime:0.000624s ]
INFO: [ view_filter ] --END-- [ RunTime:0.002511s ]
INFO: [ view_end ] --START--
INFO: Run ShowPageTrace Behavior [ RunTime:0.000705s ]
INFO: [ view_end ] --END-- [ RunTime:0.000737s ]

[ 2017-05-08T00:34:52+08:00 ] 0.0.0.0 /TourSystem/admin.php/Tour/del
INFO: [ app_begin ] --START--
INFO: Run ReadHtmlCache Behavior [ RunTime:0.001361s ]
INFO: [ app_begin ] --END-- [ RunTime:0.001430s ]
SQL: SHOW COLUMNS FROM `tp_admin` [ RunTime:0.023550s ]
SQL: SELECT * FROM `tp_admin` WHERE ( `aid` = 0 ) LIMIT 1   [ RunTime:0.000507s ]
INFO: [ view_template ] --START--
INFO: Run LocationTemplate Behavior [ RunTime:0.003232s ]
INFO: [ view_template ] --END-- [ RunTime:0.003327s ]
INFO: [ view_parse ] --START--
NOTIC: [8] Undefined variable: count E:\Program Files\phpstudy\WWW\TourSystem\Admin\Runtime\Cache\387b53e5b822a3a0ee8d3d22ca157ba3.php 第 42 行.
NOTIC: [8] Undefined variable: data E:\Program Files\phpstudy\WWW\TourSystem\Admin\Runtime\Cache\387b53e5b822a3a0ee8d3d22ca157ba3.php 第 66 行.
INFO: Run ParseTemplate Behavior [ RunTime:0.042376s ]
INFO: [ view_parse ] --END-- [ RunTime:0.042439s ]
INFO: [ view_filter ] --START--
INFO: Run ContentReplace Behavior [ RunTime:0.000659s ]
INFO: Run TokenBuild Behavior [ RunTime:0.000581s ]
INFO: Run WriteHtmlCache Behavior [ RunTime:0.000504s ]
INFO: Run ShowRuntime Behavior [ RunTime:0.000624s ]
INFO: [ view_filter ] --END-- [ RunTime:0.002462s ]
INFO: [ view_end ] --START--
INFO: Run ShowPageTrace Behavior [ RunTime:0.000727s ]
INFO: [ view_end ] --END-- [ RunTime:0.000762s ]

[ 2017-05-08T00:34:53+08:00 ] 0.0.0.0 /TourSystem/admin.php/Tour/del
INFO: [ app_begin ] --START--
INFO: Run ReadHtmlCache Behavior [ RunTime:0.000800s ]
INFO: [ app_begin ] --END-- [ RunTime:0.000847s ]
SQL: SHOW COLUMNS FROM `tp_admin` [ RunTime:0.028971s ]
SQL: SELECT * FROM `tp_admin` WHERE ( `aid` = 0 ) LIMIT 1   [ RunTime:0.000396s ]
INFO: [ view_template ] --START--
INFO: Run LocationTemplate Behavior [ RunTime:0.002042s ]
INFO: [ view_template ] --END-- [ RunTime:0.002125s ]
INFO: [ view_parse ] --START--
NOTIC: [8] Undefined variable: count E:\Program Files\phpstudy\WWW\TourSystem\Admin\Runtime\Cache\387b53e5b822a3a0ee8d3d22ca157ba3.php 第 42 行.
NOTIC: [8] Undefined variable: data E:\Program Files\phpstudy\WWW\TourSystem\Admin\Runtime\Cache\387b53e5b822a3a0ee8d3d22ca157ba3.php 第 66 行.
INFO: Run ParseTemplate Behavior [ RunTime:0.045765s ]
INFO: [ view_parse ] --END-- [ RunTime:0.045816s ]
INFO: [ view_filter ] --START--
INFO: Run ContentReplace Behavior [ RunTime:0.000664s ]
INFO: Run TokenBuild Behavior [ RunTime:0.000585s ]
INFO: Run WriteHtmlCache Behavior [ RunTime:0.000505s ]
INFO: Run ShowRuntime Behavior [ RunTime:0.000629s ]
INFO: [ view_filter ] --END-- [ RunTime:0.002479s ]
INFO: [ view_end ] --START--
INFO: Run ShowPageTrace Behavior [ RunTime:0.000709s ]
INFO: [ view_end ] --END-- [ RunTime:0.000742s ]

[ 2017-05-08T00:34:54+08:00 ] 0.0.0.0 /TourSystem/admin.php/Tour/del
INFO: [ app_begin ] --START--
INFO: Run ReadHtmlCache Behavior [ RunTime:0.001237s ]
INFO: [ app_begin ] --END-- [ RunTime:0.001305s ]
SQL: SHOW COLUMNS FROM `tp_admin` [ RunTime:0.024607s ]
SQL: SELECT * FROM `tp_admin` WHERE ( `aid` = 0 ) LIMIT 1   [ RunTime:0.000509s ]
INFO: [ view_template ] --START--
INFO: Run LocationTemplate Behavior [ RunTime:0.003918s ]
INFO: [ view_template ] --END-- [ RunTime:0.004067s ]
INFO: [ view_parse ] --START--
NOTIC: [8] Undefined variable: count E:\Program Files\phpstudy\WWW\TourSystem\Admin\Runtime\Cache\387b53e5b822a3a0ee8d3d22ca157ba3.php 第 42 行.
NOTIC: [8] Undefined variable: data E:\Program Files\phpstudy\WWW\TourSystem\Admin\Runtime\Cache\387b53e5b822a3a0ee8d3d22ca157ba3.php 第 66 行.
INFO: Run ParseTemplate Behavior [ RunTime:0.045944s ]
INFO: [ view_parse ] --END-- [ RunTime:0.046054s ]
INFO: [ view_filter ] --START--
INFO: Run ContentReplace Behavior [ RunTime:0.001673s ]
INFO: Run TokenBuild Behavior [ RunTime:0.001379s ]
INFO: Run WriteHtmlCache Behavior [ RunTime:0.000847s ]
INFO: Run ShowRuntime Behavior [ RunTime:0.000989s ]
INFO: [ view_filter ] --END-- [ RunTime:0.005062s ]
INFO: [ view_end ] --START--
INFO: Run ShowPageTrace Behavior [ RunTime:0.001090s ]
INFO: [ view_end ] --END-- [ RunTime:0.001133s ]

[ 2017-05-08T00:34:55+08:00 ] 0.0.0.0 /TourSystem/admin.php/Tour/del
INFO: [ app_begin ] --START--
INFO: Run ReadHtmlCache Behavior [ RunTime:0.000846s ]
INFO: [ app_begin ] --END-- [ RunTime:0.000896s ]
SQL: SHOW COLUMNS FROM `tp_admin` [ RunTime:0.024433s ]
SQL: SELECT * FROM `tp_admin` WHERE ( `aid` = 0 ) LIMIT 1   [ RunTime:0.000507s ]
INFO: [ view_template ] --START--
INFO: Run LocationTemplate Behavior [ RunTime:0.002978s ]
INFO: [ view_template ] --END-- [ RunTime:0.003087s ]
INFO: [ view_parse ] --START--
NOTIC: [8] Undefined variable: count E:\Program Files\phpstudy\WWW\TourSystem\Admin\Runtime\Cache\387b53e5b822a3a0ee8d3d22ca157ba3.php 第 42 行.
NOTIC: [8] Undefined variable: data E:\Program Files\phpstudy\WWW\TourSystem\Admin\Runtime\Cache\387b53e5b822a3a0ee8d3d22ca157ba3.php 第 66 行.
INFO: Run ParseTemplate Behavior [ RunTime:0.051534s ]
INFO: [ view_parse ] --END-- [ RunTime:0.051598s ]
INFO: [ view_filter ] --START--
INFO: Run ContentReplace Behavior [ RunTime:0.000635s ]
INFO: Run TokenBuild Behavior [ RunTime:0.000544s ]
INFO: Run WriteHtmlCache Behavior [ RunTime:0.000506s ]
INFO: Run ShowRuntime Behavior [ RunTime:0.000628s ]
INFO: [ view_filter ] --END-- [ RunTime:0.002409s ]
INFO: [ view_end ] --START--
INFO: Run ShowPageTrace Behavior [ RunTime:0.000707s ]
INFO: [ view_end ] --END-- [ RunTime:0.000740s ]

[ 2017-05-08T00:34:57+08:00 ] 0.0.0.0 /TourSystem/admin.php/Tour/del
INFO: [ app_begin ] --START--
INFO: Run ReadHtmlCache Behavior [ RunTime:0.000720s ]
INFO: [ app_begin ] --END-- [ RunTime:0.000763s ]
SQL: SHOW COLUMNS FROM `tp_admin` [ RunTime:0.024235s ]
SQL: SELECT * FROM `tp_admin` WHERE ( `aid` = 0 ) LIMIT 1   [ RunTime:0.000507s ]
INFO: [ view_template ] --START--
INFO: Run LocationTemplate Behavior [ RunTime:0.003236s ]
INFO: [ view_template ] --END-- [ RunTime:0.003355s ]
INFO: [ view_parse ] --START--
NOTIC: [8] Undefined variable: count E:\Program Files\phpstudy\WWW\TourSystem\Admin\Runtime\Cache\387b53e5b822a3a0ee8d3d22ca157ba3.php 第 42 行.
NOTIC: [8] Undefined variable: data E:\Program Files\phpstudy\WWW\TourSystem\Admin\Runtime\Cache\387b53e5b822a3a0ee8d3d22ca157ba3.php 第 66 行.
INFO: Run ParseTemplate Behavior [ RunTime:0.052168s ]
INFO: [ view_parse ] --END-- [ RunTime:0.052232s ]
INFO: [ view_filter ] --START--
INFO: Run ContentReplace Behavior [ RunTime:0.000706s ]
INFO: Run TokenBuild Behavior [ RunTime:0.000584s ]
INFO: Run WriteHtmlCache Behavior [ RunTime:0.000508s ]
INFO: Run ShowRuntime Behavior [ RunTime:0.000630s ]
INFO: [ view_filter ] --END-- [ RunTime:0.002523s ]
INFO: [ view_end ] --START--
INFO: Run ShowPageTrace Behavior [ RunTime:0.000707s ]
INFO: [ view_end ] --END-- [ RunTime:0.000739s ]

[ 2017-05-08T00:34:58+08:00 ] 0.0.0.0 /TourSystem/admin.php/Tour/del
INFO: [ app_begin ] --START--
INFO: Run ReadHtmlCache Behavior [ RunTime:0.000979s ]
INFO: [ app_begin ] --END-- [ RunTime:0.001042s ]
SQL: SHOW COLUMNS FROM `tp_admin` [ RunTime:0.023390s ]
SQL: SELECT * FROM `tp_admin` WHERE ( `aid` = 0 ) LIMIT 1   [ RunTime:0.000508s ]
INFO: [ view_template ] --START--
INFO: Run LocationTemplate Behavior [ RunTime:0.002937s ]
INFO: [ view_template ] --END-- [ RunTime:0.003033s ]
INFO: [ view_parse ] --START--
NOTIC: [8] Undefined variable: count E:\Program Files\phpstudy\WWW\TourSystem\Admin\Runtime\Cache\387b53e5b822a3a0ee8d3d22ca157ba3.php 第 42 行.
NOTIC: [8] Undefined variable: data E:\Program Files\phpstudy\WWW\TourSystem\Admin\Runtime\Cache\387b53e5b822a3a0ee8d3d22ca157ba3.php 第 66 行.
INFO: Run ParseTemplate Behavior [ RunTime:0.053582s ]
INFO: [ view_parse ] --END-- [ RunTime:0.053644s ]
INFO: [ view_filter ] --START--
INFO: Run ContentReplace Behavior [ RunTime:0.000670s ]
INFO: Run TokenBuild Behavior [ RunTime:0.000545s ]
INFO: Run WriteHtmlCache Behavior [ RunTime:0.000505s ]
INFO: Run ShowRuntime Behavior [ RunTime:0.000650s ]
INFO: [ view_filter ] --END-- [ RunTime:0.002466s ]
INFO: [ view_end ] --START--
INFO: Run ShowPageTrace Behavior [ RunTime:0.000672s ]
INFO: [ view_end ] --END-- [ RunTime:0.000705s ]

[ 2017-05-08T00:34:59+08:00 ] 0.0.0.0 /TourSystem/admin.php/Tour/del
INFO: [ app_begin ] --START--
INFO: Run ReadHtmlCache Behavior [ RunTime:0.000909s ]
INFO: [ app_begin ] --END-- [ RunTime:0.000964s ]
SQL: SHOW COLUMNS FROM `tp_admin` [ RunTime:0.110921s ]
SQL: SELECT * FROM `tp_admin` WHERE ( `aid` = 0 ) LIMIT 1   [ RunTime:0.000327s ]
INFO: [ view_template ] --START--
INFO: Run LocationTemplate Behavior [ RunTime:0.001904s ]
INFO: [ view_template ] --END-- [ RunTime:0.001980s ]
INFO: [ view_parse ] --START--
NOTIC: [8] Undefined variable: count E:\Program Files\phpstudy\WWW\TourSystem\Admin\Runtime\Cache\387b53e5b822a3a0ee8d3d22ca157ba3.php 第 42 行.
NOTIC: [8] Undefined variable: data E:\Program Files\phpstudy\WWW\TourSystem\Admin\Runtime\Cache\387b53e5b822a3a0ee8d3d22ca157ba3.php 第 66 行.
INFO: Run ParseTemplate Behavior [ RunTime:0.038745s ]
INFO: [ view_parse ] --END-- [ RunTime:0.038805s ]
INFO: [ view_filter ] --START--
INFO: Run ContentReplace Behavior [ RunTime:0.000974s ]
INFO: Run TokenBuild Behavior [ RunTime:0.000928s ]
INFO: Run WriteHtmlCache Behavior [ RunTime:0.000620s ]
INFO: Run ShowRuntime Behavior [ RunTime:0.000816s ]
INFO: [ view_filter ] --END-- [ RunTime:0.003501s ]
INFO: [ view_end ] --START--
INFO: Run ShowPageTrace Behavior [ RunTime:0.000794s ]
INFO: [ view_end ] --END-- [ RunTime:0.000832s ]

[ 2017-05-08T00:35:00+08:00 ] 0.0.0.0 /TourSystem/admin.php/Tour/del
INFO: [ app_begin ] --START--
INFO: Run ReadHtmlCache Behavior [ RunTime:0.000683s ]
INFO: [ app_begin ] --END-- [ RunTime:0.000723s ]
SQL: SHOW COLUMNS FROM `tp_admin` [ RunTime:0.136401s ]
SQL: SELECT * FROM `tp_admin` WHERE ( `aid` = 0 ) LIMIT 1   [ RunTime:0.000589s ]
INFO: [ view_template ] --START--
INFO: Run LocationTemplate Behavior [ RunTime:0.003227s ]
INFO: [ view_template ] --END-- [ RunTime:0.003376s ]
INFO: [ view_parse ] --START--
NOTIC: [8] Undefined variable: count E:\Program Files\phpstudy\WWW\TourSystem\Admin\Runtime\Cache\387b53e5b822a3a0ee8d3d22ca157ba3.php 第 42 行.
NOTIC: [8] Undefined variable: data E:\Program Files\phpstudy\WWW\TourSystem\Admin\Runtime\Cache\387b53e5b822a3a0ee8d3d22ca157ba3.php 第 66 行.
INFO: Run ParseTemplate Behavior [ RunTime:0.067805s ]
INFO: [ view_parse ] --END-- [ RunTime:0.067868s ]
INFO: [ view_filter ] --START--
INFO: Run ContentReplace Behavior [ RunTime:0.000663s ]
INFO: Run TokenBuild Behavior [ RunTime:0.000582s ]
INFO: Run WriteHtmlCache Behavior [ RunTime:0.000562s ]
INFO: Run ShowRuntime Behavior [ RunTime:0.000632s ]
INFO: [ view_filter ] --END-- [ RunTime:0.002532s ]
INFO: [ view_end ] --START--
INFO: Run ShowPageTrace Behavior [ RunTime:0.000711s ]
INFO: [ view_end ] --END-- [ RunTime:0.000744s ]

[ 2017-05-08T00:35:34+08:00 ] 0.0.0.0 /TourSystem/admin.php/Tour/del
INFO: [ app_begin ] --START--
INFO: Run ReadHtmlCache Behavior [ RunTime:0.001244s ]
INFO: [ app_begin ] --END-- [ RunTime:0.001474s ]
SQL: SHOW COLUMNS FROM `tp_admin` [ RunTime:0.024687s ]
SQL: SELECT * FROM `tp_admin` WHERE ( `aid` = 0 ) LIMIT 1   [ RunTime:0.000520s ]
INFO: [ view_template ] --START--
INFO: Run LocationTemplate Behavior [ RunTime:0.003135s ]
INFO: [ view_template ] --END-- [ RunTime:0.003267s ]
INFO: [ view_parse ] --START--
NOTIC: [8] Undefined variable: count E:\Program Files\phpstudy\WWW\TourSystem\Admin\Runtime\Cache\387b53e5b822a3a0ee8d3d22ca157ba3.php 第 42 行.
NOTIC: [8] Undefined variable: data E:\Program Files\phpstudy\WWW\TourSystem\Admin\Runtime\Cache\387b53e5b822a3a0ee8d3d22ca157ba3.php 第 66 行.
INFO: Run ParseTemplate Behavior [ RunTime:0.056338s ]
INFO: [ view_parse ] --END-- [ RunTime:0.056421s ]
INFO: [ view_filter ] --START--
INFO: Run ContentReplace Behavior [ RunTime:0.001050s ]
INFO: Run TokenBuild Behavior [ RunTime:0.000793s ]
INFO: Run WriteHtmlCache Behavior [ RunTime:0.000519s ]
INFO: Run ShowRuntime Behavior [ RunTime:0.000634s ]
INFO: [ view_filter ] --END-- [ RunTime:0.003124s ]
INFO: [ view_end ] --START--
INFO: Run ShowPageTrace Behavior [ RunTime:0.000715s ]
INFO: [ view_end ] --END-- [ RunTime:0.000748s ]

[ 2017-05-08T00:37:22+08:00 ] 0.0.0.0 /TourSystem/admin.php/Tour/del
INFO: [ app_begin ] --START--
INFO: Run ReadHtmlCache Behavior [ RunTime:0.001488s ]
INFO: [ app_begin ] --END-- [ RunTime:0.001602s ]
SQL: SHOW COLUMNS FROM `tp_admin` [ RunTime:0.029715s ]
SQL: SELECT * FROM `tp_admin`  [ RunTime:0.000601s ]
SQL: SELECT * FROM `tp_admin` WHERE ( `aid` = 0 ) LIMIT 1   [ RunTime:0.000461s ]
INFO: [ view_template ] --START--
INFO: Run LocationTemplate Behavior [ RunTime:0.003210s ]
INFO: [ view_template ] --END-- [ RunTime:0.003313s ]
INFO: [ view_parse ] --START--
NOTIC: [8] Undefined variable: count E:\Program Files\phpstudy\WWW\TourSystem\Admin\Runtime\Cache\387b53e5b822a3a0ee8d3d22ca157ba3.php 第 42 行.
NOTIC: [8] Undefined variable: data E:\Program Files\phpstudy\WWW\TourSystem\Admin\Runtime\Cache\387b53e5b822a3a0ee8d3d22ca157ba3.php 第 66 行.
INFO: Run ParseTemplate Behavior [ RunTime:0.044162s ]
INFO: [ view_parse ] --END-- [ RunTime:0.044234s ]
INFO: [ view_filter ] --START--
INFO: Run ContentReplace Behavior [ RunTime:0.000839s ]
INFO: Run TokenBuild Behavior [ RunTime:0.000584s ]
INFO: Run WriteHtmlCache Behavior [ RunTime:0.000528s ]
INFO: Run ShowRuntime Behavior [ RunTime:0.000646s ]
INFO: [ view_filter ] --END-- [ RunTime:0.002705s ]
INFO: [ view_end ] --START--
INFO: Run ShowPageTrace Behavior [ RunTime:0.000748s ]
INFO: [ view_end ] --END-- [ RunTime:0.000785s ]

[ 2017-05-08T00:38:19+08:00 ] 0.0.0.0 /TourSystem/admin.php/Tour/del
INFO: [ app_begin ] --START--
INFO: Run ReadHtmlCache Behavior [ RunTime:0.001244s ]
INFO: [ app_begin ] --END-- [ RunTime:0.001347s ]
SQL: SHOW COLUMNS FROM `tp_admin` [ RunTime:0.025559s ]
SQL: SELECT * FROM `tp_admin`  [ RunTime:0.000545s ]
SQL: SELECT * FROM `tp_admin` WHERE ( `aid` = 0 )  [ RunTime:0.000489s ]
INFO: [ view_template ] --START--
INFO: Run LocationTemplate Behavior [ RunTime:0.003263s ]
INFO: [ view_template ] --END-- [ RunTime:0.003370s ]
INFO: [ view_parse ] --START--
NOTIC: [8] Undefined variable: count E:\Program Files\phpstudy\WWW\TourSystem\Admin\Runtime\Cache\387b53e5b822a3a0ee8d3d22ca157ba3.php 第 42 行.
NOTIC: [8] Undefined variable: data E:\Program Files\phpstudy\WWW\TourSystem\Admin\Runtime\Cache\387b53e5b822a3a0ee8d3d22ca157ba3.php 第 66 行.
INFO: Run ParseTemplate Behavior [ RunTime:0.040259s ]
INFO: [ view_parse ] --END-- [ RunTime:0.040327s ]
INFO: [ view_filter ] --START--
INFO: Run ContentReplace Behavior [ RunTime:0.000752s ]
INFO: Run TokenBuild Behavior [ RunTime:0.000661s ]
INFO: Run WriteHtmlCache Behavior [ RunTime:0.000654s ]
INFO: Run ShowRuntime Behavior [ RunTime:0.000688s ]
INFO: [ view_filter ] --END-- [ RunTime:0.002869s ]
INFO: [ view_end ] --START--
INFO: Run ShowPageTrace Behavior [ RunTime:0.000745s ]
INFO: [ view_end ] --END-- [ RunTime:0.000779s ]

[ 2017-05-08T00:40:08+08:00 ] 0.0.0.0 /TourSystem/admin.php/Tour/del
INFO: [ app_begin ] --START--
INFO: Run ReadHtmlCache Behavior [ RunTime:0.005360s ]
INFO: [ app_begin ] --END-- [ RunTime:0.005476s ]
SQL: SHOW COLUMNS FROM `tp_admin` [ RunTime:0.028686s ]
SQL: SELECT * FROM `tp_admin`  [ RunTime:0.000616s ]
NOTIC: [8] Undefined variable: aname E:\Program Files\phpstudy\WWW\TourSystem\Admin\Lib\Action\TourAction.class.php 第 19 行.
SQL: SELECT * FROM `tp_admin` WHERE ( `aname` = 'zhang' )  [ RunTime:0.000614s ]
INFO: [ view_template ] --START--
INFO: Run LocationTemplate Behavior [ RunTime:0.002244s ]
INFO: [ view_template ] --END-- [ RunTime:0.002324s ]
INFO: [ view_parse ] --START--
NOTIC: [8] Undefined variable: count E:\Program Files\phpstudy\WWW\TourSystem\Admin\Runtime\Cache\387b53e5b822a3a0ee8d3d22ca157ba3.php 第 42 行.
NOTIC: [8] Undefined variable: data E:\Program Files\phpstudy\WWW\TourSystem\Admin\Runtime\Cache\387b53e5b822a3a0ee8d3d22ca157ba3.php 第 66 行.
INFO: Run ParseTemplate Behavior [ RunTime:0.037899s ]
INFO: [ view_parse ] --END-- [ RunTime:0.037949s ]
INFO: [ view_filter ] --START--
INFO: Run ContentReplace Behavior [ RunTime:0.000769s ]
INFO: Run TokenBuild Behavior [ RunTime:0.000585s ]
INFO: Run WriteHtmlCache Behavior [ RunTime:0.000528s ]
INFO: Run ShowRuntime Behavior [ RunTime:0.000645s ]
INFO: [ view_filter ] --END-- [ RunTime:0.002628s ]
INFO: [ view_end ] --START--
INFO: Run ShowPageTrace Behavior [ RunTime:0.000752s ]
INFO: [ view_end ] --END-- [ RunTime:0.000793s ]

[ 2017-05-08T00:41:01+08:00 ] 0.0.0.0 /TourSystem/admin.php/Tour/del
INFO: [ app_begin ] --START--
INFO: Run ReadHtmlCache Behavior [ RunTime:0.000954s ]
INFO: [ app_begin ] --END-- [ RunTime:0.001014s ]
SQL: SHOW COLUMNS FROM `tp_admin` [ RunTime:0.022586s ]
SQL: SELECT * FROM `tp_admin`  [ RunTime:0.000572s ]
NOTIC: [8] Undefined variable: aname E:\Program Files\phpstudy\WWW\TourSystem\Admin\Lib\Action\TourAction.class.php 第 19 行.
SQL: SELECT * FROM `tp_admin` WHERE ( `aname` = 'zhang' )  [ RunTime:0.000541s ]
NOTIC: [8] Array to string conversion E:\Program Files\phpstudy\WWW\TourSystem\Admin\Lib\Action\TourAction.class.php 第 22 行.
INFO: [ view_template ] --START--
INFO: Run LocationTemplate Behavior [ RunTime:0.002925s ]
INFO: [ view_template ] --END-- [ RunTime:0.003018s ]
INFO: [ view_parse ] --START--
NOTIC: [8] Undefined variable: count E:\Program Files\phpstudy\WWW\TourSystem\Admin\Runtime\Cache\387b53e5b822a3a0ee8d3d22ca157ba3.php 第 42 行.
NOTIC: [8] Undefined variable: data E:\Program Files\phpstudy\WWW\TourSystem\Admin\Runtime\Cache\387b53e5b822a3a0ee8d3d22ca157ba3.php 第 66 行.
INFO: Run ParseTemplate Behavior [ RunTime:0.047556s ]
INFO: [ view_parse ] --END-- [ RunTime:0.047620s ]
INFO: [ view_filter ] --START--
INFO: Run ContentReplace Behavior [ RunTime:0.000704s ]
INFO: Run TokenBuild Behavior [ RunTime:0.000555s ]
INFO: Run WriteHtmlCache Behavior [ RunTime:0.000520s ]
INFO: Run ShowRuntime Behavior [ RunTime:0.000634s ]
INFO: [ view_filter ] --END-- [ RunTime:0.002521s ]
INFO: [ view_end ] --START--
INFO: Run ShowPageTrace Behavior [ RunTime:0.000713s ]
INFO: [ view_end ] --END-- [ RunTime:0.000745s ]

[ 2017-05-08T00:42:17+08:00 ] 0.0.0.0 /TourSystem/admin.php/Tour/del
INFO: [ app_begin ] --START--
INFO: Run ReadHtmlCache Behavior [ RunTime:0.001083s ]
INFO: [ app_begin ] --END-- [ RunTime:0.001160s ]
SQL: SHOW COLUMNS FROM `tp_admin` [ RunTime:0.023270s ]
SQL: SELECT * FROM `tp_admin`  [ RunTime:0.000510s ]
NOTIC: [8] Undefined variable: aname E:\Program Files\phpstudy\WWW\TourSystem\Admin\Lib\Action\TourAction.class.php 第 19 行.
SQL: SELECT * FROM `tp_admin` WHERE ( `aname` = 'zhang' ) LIMIT 1   [ RunTime:0.000483s ]
INFO: [ view_template ] --START--
INFO: Run LocationTemplate Behavior [ RunTime:0.002888s ]
INFO: [ view_template ] --END-- [ RunTime:0.003007s ]
INFO: [ view_parse ] --START--
NOTIC: [8] Undefined variable: count E:\Program Files\phpstudy\WWW\TourSystem\Admin\Runtime\Cache\387b53e5b822a3a0ee8d3d22ca157ba3.php 第 42 行.
NOTIC: [8] Undefined variable: data E:\Program Files\phpstudy\WWW\TourSystem\Admin\Runtime\Cache\387b53e5b822a3a0ee8d3d22ca157ba3.php 第 66 行.
INFO: Run ParseTemplate Behavior [ RunTime:0.036545s ]
INFO: [ view_parse ] --END-- [ RunTime:0.036609s ]
INFO: [ view_filter ] --START--
INFO: Run ContentReplace Behavior [ RunTime:0.000742s ]
INFO: Run TokenBuild Behavior [ RunTime:0.000561s ]
INFO: Run WriteHtmlCache Behavior [ RunTime:0.000522s ]
INFO: Run ShowRuntime Behavior [ RunTime:0.000643s ]
INFO: [ view_filter ] --END-- [ RunTime:0.002566s ]
INFO: [ view_end ] --START--
INFO: Run ShowPageTrace Behavior [ RunTime:0.000720s ]
INFO: [ view_end ] --END-- [ RunTime:0.000753s ]

[ 2017-05-08T00:43:14+08:00 ] 0.0.0.0 /TourSystem/admin.php/Tour/del
INFO: [ app_begin ] --START--
INFO: Run ReadHtmlCache Behavior [ RunTime:0.002153s ]
INFO: [ app_begin ] --END-- [ RunTime:0.002243s ]
SQL: SHOW COLUMNS FROM `tp_admin` [ RunTime:0.018088s ]
SQL: SELECT * FROM `tp_admin`  [ RunTime:0.000306s ]
NOTIC: [8] Undefined variable: aname E:\Program Files\phpstudy\WWW\TourSystem\Admin\Lib\Action\TourAction.class.php 第 19 行.
SQL: SELECT * FROM `tp_admin` WHERE ( `aname` = 'zhang' ) LIMIT 1   [ RunTime:0.000280s ]
INFO: [ view_template ] --START--
INFO: Run LocationTemplate Behavior [ RunTime:0.001430s ]
INFO: [ view_template ] --END-- [ RunTime:0.001475s ]
INFO: [ view_parse ] --START--
NOTIC: [8] Undefined variable: count E:\Program Files\phpstudy\WWW\TourSystem\Admin\Runtime\Cache\387b53e5b822a3a0ee8d3d22ca157ba3.php 第 42 行.
NOTIC: [8] Undefined variable: data E:\Program Files\phpstudy\WWW\TourSystem\Admin\Runtime\Cache\387b53e5b822a3a0ee8d3d22ca157ba3.php 第 66 行.
INFO: Run ParseTemplate Behavior [ RunTime:0.036418s ]
INFO: [ view_parse ] --END-- [ RunTime:0.036463s ]
INFO: [ view_filter ] --START--
INFO: Run ContentReplace Behavior [ RunTime:0.000758s ]
INFO: Run TokenBuild Behavior [ RunTime:0.000577s ]
INFO: Run WriteHtmlCache Behavior [ RunTime:0.000513s ]
INFO: Run ShowRuntime Behavior [ RunTime:0.000663s ]
INFO: [ view_filter ] --END-- [ RunTime:0.002609s ]
INFO: [ view_end ] --START--
INFO: Run ShowPageTrace Behavior [ RunTime:0.000746s ]
INFO: [ view_end ] --END-- [ RunTime:0.000779s ]

[ 2017-05-08T00:43:29+08:00 ] 0.0.0.0 /TourSystem/admin.php/Tour/del
INFO: [ app_begin ] --START--
INFO: Run ReadHtmlCache Behavior [ RunTime:0.001752s ]
INFO: [ app_begin ] --END-- [ RunTime:0.002492s ]
SQL: SHOW COLUMNS FROM `tp_admin` [ RunTime:0.027395s ]
SQL: SELECT * FROM `tp_admin`  [ RunTime:0.000543s ]
NOTIC: [8] Undefined variable: aname E:\Program Files\phpstudy\WWW\TourSystem\Admin\Lib\Action\TourAction.class.php 第 19 行.
SQL: SELECT * FROM `tp_admin` WHERE ( `aname` = 'zhang' ) LIMIT 1   [ RunTime:0.000293s ]
INFO: [ view_template ] --START--
INFO: Run LocationTemplate Behavior [ RunTime:0.001834s ]
INFO: [ view_template ] --END-- [ RunTime:0.001891s ]
INFO: [ view_parse ] --START--
NOTIC: [8] Undefined variable: count E:\Program Files\phpstudy\WWW\TourSystem\Admin\Runtime\Cache\387b53e5b822a3a0ee8d3d22ca157ba3.php 第 42 行.
NOTIC: [8] Undefined variable: data E:\Program Files\phpstudy\WWW\TourSystem\Admin\Runtime\Cache\387b53e5b822a3a0ee8d3d22ca157ba3.php 第 66 行.
INFO: Run ParseTemplate Behavior [ RunTime:0.038137s ]
INFO: [ view_parse ] --END-- [ RunTime:0.038187s ]
INFO: [ view_filter ] --START--
INFO: Run ContentReplace Behavior [ RunTime:0.000845s ]
INFO: Run TokenBuild Behavior [ RunTime:0.000677s ]
INFO: Run WriteHtmlCache Behavior [ RunTime:0.000552s ]
INFO: Run ShowRuntime Behavior [ RunTime:0.000651s ]
INFO: [ view_filter ] --END-- [ RunTime:0.002851s ]
INFO: [ view_end ] --START--
INFO: Run ShowPageTrace Behavior [ RunTime:0.000865s ]
INFO: [ view_end ] --END-- [ RunTime:0.000911s ]

[ 2017-05-08T00:44:17+08:00 ] 0.0.0.0 /TourSystem/admin.php/Tour/del
INFO: [ app_begin ] --START--
INFO: Run ReadHtmlCache Behavior [ RunTime:0.001332s ]
INFO: [ app_begin ] --END-- [ RunTime:0.001447s ]
SQL: SHOW COLUMNS FROM `tp_admin` [ RunTime:0.024776s ]
SQL: SELECT * FROM `tp_admin`  [ RunTime:0.000470s ]
SQL: SELECT * FROM `tp_admin` WHERE ( `aname` = 'zhang' ) LIMIT 1   [ RunTime:0.000426s ]
INFO: [ view_template ] --START--
INFO: Run LocationTemplate Behavior [ RunTime:0.004026s ]
INFO: [ view_template ] --END-- [ RunTime:0.004131s ]
INFO: [ view_parse ] --START--
NOTIC: [8] Undefined variable: count E:\Program Files\phpstudy\WWW\TourSystem\Admin\Runtime\Cache\387b53e5b822a3a0ee8d3d22ca157ba3.php 第 42 行.
NOTIC: [8] Undefined variable: data E:\Program Files\phpstudy\WWW\TourSystem\Admin\Runtime\Cache\387b53e5b822a3a0ee8d3d22ca157ba3.php 第 66 行.
INFO: Run ParseTemplate Behavior [ RunTime:0.045769s ]
INFO: [ view_parse ] --END-- [ RunTime:0.045846s ]
INFO: [ view_filter ] --START--
INFO: Run ContentReplace Behavior [ RunTime:0.001008s ]
INFO: Run TokenBuild Behavior [ RunTime:0.000679s ]
INFO: Run WriteHtmlCache Behavior [ RunTime:0.000503s ]
INFO: Run ShowRuntime Behavior [ RunTime:0.000626s ]
INFO: [ view_filter ] --END-- [ RunTime:0.002932s ]
INFO: [ view_end ] --START--
INFO: Run ShowPageTrace Behavior [ RunTime:0.000713s ]
INFO: [ view_end ] --END-- [ RunTime:0.000745s ]

[ 2017-05-08T00:45:18+08:00 ] 0.0.0.0 /TourSystem/admin.php/Tour/del
INFO: [ app_begin ] --START--
INFO: Run ReadHtmlCache Behavior [ RunTime:0.003872s ]
INFO: [ app_begin ] --END-- [ RunTime:0.003989s ]
SQL: SHOW COLUMNS FROM `tp_admin` [ RunTime:0.016240s ]
SQL: SELECT * FROM `tp_admin` WHERE ( `aname` = 'zhang' ) LIMIT 1   [ RunTime:0.000375s ]
INFO: [ view_template ] --START--
INFO: Run LocationTemplate Behavior [ RunTime:0.001732s ]
INFO: [ view_template ] --END-- [ RunTime:0.001794s ]
INFO: [ view_parse ] --START--
NOTIC: [8] Undefined variable: count E:\Program Files\phpstudy\WWW\TourSystem\Admin\Runtime\Cache\387b53e5b822a3a0ee8d3d22ca157ba3.php 第 42 行.
NOTIC: [8] Undefined variable: data E:\Program Files\phpstudy\WWW\TourSystem\Admin\Runtime\Cache\387b53e5b822a3a0ee8d3d22ca157ba3.php 第 66 行.
INFO: Run ParseTemplate Behavior [ RunTime:0.037083s ]
INFO: [ view_parse ] --END-- [ RunTime:0.037139s ]
INFO: [ view_filter ] --START--
INFO: Run ContentReplace Behavior [ RunTime:0.001079s ]
INFO: Run TokenBuild Behavior [ RunTime:0.000672s ]
INFO: Run WriteHtmlCache Behavior [ RunTime:0.000530s ]
INFO: Run ShowRuntime Behavior [ RunTime:0.000671s ]
INFO: [ view_filter ] --END-- [ RunTime:0.003077s ]
INFO: [ view_end ] --START--
INFO: Run ShowPageTrace Behavior [ RunTime:0.000791s ]
INFO: [ view_end ] --END-- [ RunTime:0.000828s ]

