[ 2017-05-14T17:07:37+08:00 ] ERR: (ThinkException) 非法操作:product-category
[ 2017-05-14T17:07:38+08:00 ] ERR: (ThinkException) 非法操作:product-brand
[ 2017-05-14T17:07:39+08:00 ] ERR: (ThinkException) 非法操作:product-list
[ 2017-05-14T17:07:42+08:00 ] ERR: (ThinkException) 非法操作:feedback-list
[ 2017-05-14T17:07:54+08:00 ] ERR: (ThinkException) 非法操作:admin-role
[ 2017-05-14T17:17:24+08:00 ] ERR: (ThinkException) 非法操作:product-brand
[ 2017-05-14T17:33:57+08:00 ] ERR: (ThinkException) 非法操作:product-brand
[ 2017-05-14T17:45:38+08:00 ] ERR: (ThinkException) 非法操作:case
[ 2017-05-14T17:46:03+08:00 ] ERR: (ThinkException) 非法操作:static
[ 2017-05-14T17:46:03+08:00 ] ERR: (ThinkException) 非法操作:temp
[ 2017-05-14T17:46:10+08:00 ] ERR: (ThinkException) 非法操作:temp
[ 2017-05-14T17:46:10+08:00 ] ERR: (ThinkException) 非法操作:static
[ 2017-05-14T17:46:37+08:00 ] ERR: (ThinkException) 非法操作:case
[ 2017-05-14T17:46:48+08:00 ] ERR: (ThinkException) 非法操作:temp
[ 2017-05-14T17:46:48+08:00 ] ERR: (ThinkException) 非法操作:static
[ 2017-05-14T17:46:52+08:00 ] ERR: (ThinkException) 非法操作:static
[ 2017-05-14T17:46:52+08:00 ] ERR: (ThinkException) 非法操作:temp
[ 2017-05-14T17:46:53+08:00 ] ERR: (ThinkException) 非法操作:temp
[ 2017-05-14T17:46:53+08:00 ] ERR: (ThinkException) 非法操作:static
[ 2017-05-14T17:49:14+08:00 ] ERR: (ThinkException) 非法操作:temp
[ 2017-05-14T17:49:14+08:00 ] ERR: (ThinkException) 非法操作:static
[ 2017-05-14T17:49:18+08:00 ] ERR: (ThinkException) 非法操作:temp
[ 2017-05-14T17:49:18+08:00 ] ERR: (ThinkException) 非法操作:static
[ 2017-05-14T17:49:22+08:00 ] ERR: (ThinkException) 非法操作:product-add
[ 2017-05-14T17:49:24+08:00 ] ERR: (ThinkException) 非法操作:static
[ 2017-05-14T17:49:24+08:00 ] ERR: (ThinkException) 非法操作:temp
[ 2017-05-14T17:50:24+08:00 ] ERR: (ThinkException) 非法操作:temp
[ 2017-05-14T17:50:24+08:00 ] ERR: (ThinkException) 非法操作:static
[ 2017-05-14T17:50:25+08:00 ] ERR: (ThinkException) 非法操作:static
[ 2017-05-14T17:50:25+08:00 ] ERR: (ThinkException) 非法操作:temp
[ 2017-05-14T17:51:29+08:00 ] ERR: (ThinkException) 非法操作:member-list
[ 2017-05-14T17:57:12+08:00 ] ERR: (ThinkException) 非法操作:temp
[ 2017-05-14T17:57:12+08:00 ] ERR: (ThinkException) 非法操作:static
[ 2017-05-14T17:57:13+08:00 ] ERR: (ThinkException) 非法操作:static
[ 2017-05-14T17:57:13+08:00 ] ERR: (ThinkException) 非法操作:temp
[ 2017-05-14T17:57:16+08:00 ] ERR: (ThinkException) 非法操作:static
[ 2017-05-14T17:57:16+08:00 ] ERR: (ThinkException) 非法操作:static
[ 2017-05-14T17:57:16+08:00 ] ERR: (ThinkException) 非法操作:lib
[ 2017-05-14T17:57:16+08:00 ] ERR: (ThinkException) 非法操作:static
[ 2017-05-14T17:57:16+08:00 ] ERR: (ThinkException) 非法操作:static
[ 2017-05-14T17:57:16+08:00 ] ERR: (ThinkException) 非法操作:static
[ 2017-05-14T17:57:16+08:00 ] ERR: (ThinkException) 非法操作:lib
[ 2017-05-14T17:57:16+08:00 ] ERR: (ThinkException) 非法操作:lib
[ 2017-05-14T17:57:16+08:00 ] ERR: (ThinkException) 非法操作:lib
[ 2017-05-14T17:57:16+08:00 ] ERR: (ThinkException) 非法操作:lib
[ 2017-05-14T17:57:16+08:00 ] ERR: (ThinkException) 非法操作:lib
[ 2017-05-14T17:57:16+08:00 ] ERR: (ThinkException) 非法操作:static
[ 2017-05-14T17:58:38+08:00 ] ERR: (ThinkException) 非法操作:admin-role
[ 2017-05-14T17:58:41+08:00 ] ERR: (ThinkException) 非法操作:admin-permission
[ 2017-05-14T17:58:42+08:00 ] ERR: (ThinkException) 非法操作:admin-list
[ 2017-05-14T18:10:53+08:00 ] ERR: (ThinkException) 非法操作:lib
[ 2017-05-14T18:10:59+08:00 ] ERR: (ThinkException) 非法操作:lib
[ 2017-05-14T18:11:12+08:00 ] ERR: (ThinkException) 非法操作:temp
[ 2017-05-14T18:11:12+08:00 ] ERR: (ThinkException) 非法操作:static
[ 2017-05-14T18:11:13+08:00 ] ERR: (ThinkException) 非法操作:static
[ 2017-05-14T18:11:13+08:00 ] ERR: (ThinkException) 非法操作:temp
[ 2017-05-14T18:11:18+08:00 ] ERR: (ThinkException) 非法操作:temp
[ 2017-05-14T18:11:18+08:00 ] ERR: (ThinkException) 非法操作:static
[ 2017-05-14T23:33:30+08:00 ] ERR: (ThinkException) 非法操作:addhotel
[ 2017-05-14T23:33:36+08:00 ] ERR: (ThinkException) 非法操作:temp
[ 2017-05-14T23:33:36+08:00 ] ERR: (ThinkException) 非法操作:static
[ 2017-05-14T23:33:37+08:00 ] ERR: (ThinkException) 非法操作:temp
[ 2017-05-14T23:33:37+08:00 ] ERR: (ThinkException) 非法操作:static
[ 2017-05-14T23:33:44+08:00 ] ERR: (ThinkException) 非法操作:lib
