[ 2017-05-13T13:42:26+08:00 ] ERR: (ThinkException) 无法加载模块:Hotel
[ 2017-05-13T13:43:30+08:00 ] ERR: (ThinkException) 非法操作:temp
[ 2017-05-13T13:43:47+08:00 ] ERR: (ThinkException) 非法操作:temp
[ 2017-05-13T13:44:37+08:00 ] ERR: (ThinkException) 非法操作:picture-add
[ 2017-05-13T13:44:55+08:00 ] ERR: (ThinkException) 非法操作:temp
[ 2017-05-13T14:03:09+08:00 ] ERR: (ThinkException) 非法操作:temp
[ 2017-05-13T15:50:56+08:00 ] ERR: (ThinkException) 非法操作:temp
[ 2017-05-13T15:51:15+08:00 ] ERR: (ThinkException) 非法操作:temp
[ 2017-05-13T17:21:23+08:00 ] ERR: (ThinkException) 非法操作:temp
[ 2017-05-13T17:21:33+08:00 ] ERR: (ThinkException) 非法操作:picture-show
[ 2017-05-13T17:29:03+08:00 ] ERR: (ThinkException) 非法操作:temp
[ 2017-05-13T17:36:00+08:00 ] ERR: (ThinkException) 非法操作:temp
[ 2017-05-13T17:36:39+08:00 ] ERR: (ThinkException) 非法操作:picture-show
[ 2017-05-13T18:21:07+08:00 ] ERR: (ThinkException) 非法操作:__URL_
[ 2017-05-13T18:21:08+08:00 ] ERR: (ThinkException) 非法操作:__URL_
[ 2017-05-13T18:21:09+08:00 ] ERR: (ThinkException) 非法操作:__URL_
[ 2017-05-13T18:21:09+08:00 ] ERR: (ThinkException) 非法操作:__URL_
[ 2017-05-13T18:21:09+08:00 ] ERR: (ThinkException) 非法操作:__URL_
[ 2017-05-13T18:21:10+08:00 ] ERR: (ThinkException) 非法操作:__URL_
[ 2017-05-13T18:21:10+08:00 ] ERR: (ThinkException) 非法操作:__URL_
[ 2017-05-13T18:22:22+08:00 ] ERR: (ThinkException) 非法操作:__URL_
[ 2017-05-13T18:24:02+08:00 ] ERR: (ThinkException) 非法操作:feedback-list
[ 2017-05-13T23:35:57+08:00 ] ERR: (ThinkException) 非法操作:static
[ 2017-05-13T23:35:57+08:00 ] ERR: (ThinkException) 非法操作:lib
[ 2017-05-13T23:35:57+08:00 ] ERR: (ThinkException) 非法操作:static
[ 2017-05-13T23:35:58+08:00 ] ERR: (ThinkException) 非法操作:static
[ 2017-05-13T23:35:58+08:00 ] ERR: (ThinkException) 非法操作:static
[ 2017-05-13T23:35:58+08:00 ] ERR: (ThinkException) 非法操作:lib
[ 2017-05-13T23:35:58+08:00 ] ERR: (ThinkException) 非法操作:lib
[ 2017-05-13T23:35:58+08:00 ] ERR: (ThinkException) 非法操作:static
[ 2017-05-13T23:35:58+08:00 ] ERR: (ThinkException) 非法操作:lib
[ 2017-05-13T23:35:58+08:00 ] ERR: (ThinkException) 非法操作:lib
[ 2017-05-13T23:35:58+08:00 ] ERR: (ThinkException) 非法操作:temp
[ 2017-05-13T23:35:58+08:00 ] ERR: (ThinkException) 非法操作:static
[ 2017-05-13T23:35:58+08:00 ] ERR: (ThinkException) 非法操作:temp
[ 2017-05-13T23:35:58+08:00 ] ERR: (ThinkException) 非法操作:temp
[ 2017-05-13T23:35:58+08:00 ] ERR: (ThinkException) 非法操作:temp
[ 2017-05-13T23:35:58+08:00 ] ERR: (ThinkException) 非法操作:temp
[ 2017-05-13T23:35:58+08:00 ] ERR: (ThinkException) 非法操作:temp
[ 2017-05-13T23:35:58+08:00 ] ERR: (ThinkException) 非法操作:temp
[ 2017-05-13T23:35:58+08:00 ] ERR: (ThinkException) 非法操作:temp
[ 2017-05-13T23:35:58+08:00 ] ERR: (ThinkException) 非法操作:temp
[ 2017-05-13T23:38:16+08:00 ] ERR: (ThinkException) 非法操作:temp
[ 2017-05-13T23:38:16+08:00 ] ERR: (ThinkException) 非法操作:temp
[ 2017-05-13T23:38:16+08:00 ] ERR: (ThinkException) 非法操作:temp
[ 2017-05-13T23:38:16+08:00 ] ERR: (ThinkException) 非法操作:temp
[ 2017-05-13T23:38:16+08:00 ] ERR: (ThinkException) 非法操作:temp
[ 2017-05-13T23:38:16+08:00 ] ERR: (ThinkException) 非法操作:temp
[ 2017-05-13T23:38:16+08:00 ] ERR: (ThinkException) 非法操作:temp
[ 2017-05-13T23:38:16+08:00 ] ERR: (ThinkException) 非法操作:temp
[ 2017-05-13T23:38:16+08:00 ] ERR: (ThinkException) 非法操作:temp
[ 2017-05-13T23:39:46+08:00 ] ERR: (ThinkException) 非法操作:temp
[ 2017-05-13T23:39:46+08:00 ] ERR: (ThinkException) 非法操作:temp
[ 2017-05-13T23:39:46+08:00 ] ERR: (ThinkException) 非法操作:temp
[ 2017-05-13T23:39:46+08:00 ] ERR: (ThinkException) 非法操作:temp
[ 2017-05-13T23:39:46+08:00 ] ERR: (ThinkException) 非法操作:temp
[ 2017-05-13T23:39:46+08:00 ] ERR: (ThinkException) 非法操作:temp
[ 2017-05-13T23:39:46+08:00 ] ERR: (ThinkException) 非法操作:temp
[ 2017-05-13T23:39:46+08:00 ] ERR: (ThinkException) 非法操作:temp
[ 2017-05-13T23:39:46+08:00 ] ERR: (ThinkException) 非法操作:temp
[ 2017-05-13T23:41:07+08:00 ] ERR: (ThinkException) 非法操作:temp
[ 2017-05-13T23:41:07+08:00 ] ERR: (ThinkException) 非法操作:temp
[ 2017-05-13T23:41:07+08:00 ] ERR: (ThinkException) 非法操作:temp
[ 2017-05-13T23:41:07+08:00 ] ERR: (ThinkException) 非法操作:temp
[ 2017-05-13T23:41:07+08:00 ] ERR: (ThinkException) 非法操作:temp
[ 2017-05-13T23:41:07+08:00 ] ERR: (ThinkException) 非法操作:temp
[ 2017-05-13T23:41:07+08:00 ] ERR: (ThinkException) 非法操作:temp
[ 2017-05-13T23:41:07+08:00 ] ERR: (ThinkException) 非法操作:temp
[ 2017-05-13T23:41:07+08:00 ] ERR: (ThinkException) 非法操作:temp
[ 2017-05-13T23:41:12+08:00 ] ERR: (ThinkException) 非法操作:temp
[ 2017-05-13T23:42:46+08:00 ] ERR: (ThinkException) 非法操作:temp
[ 2017-05-13T23:42:46+08:00 ] ERR: (ThinkException) 非法操作:temp
[ 2017-05-13T23:42:46+08:00 ] ERR: (ThinkException) 非法操作:temp
[ 2017-05-13T23:42:46+08:00 ] ERR: (ThinkException) 非法操作:temp
[ 2017-05-13T23:42:46+08:00 ] ERR: (ThinkException) 非法操作:temp
[ 2017-05-13T23:42:46+08:00 ] ERR: (ThinkException) 非法操作:temp
[ 2017-05-13T23:42:46+08:00 ] ERR: (ThinkException) 非法操作:temp
[ 2017-05-13T23:42:46+08:00 ] ERR: (ThinkException) 非法操作:temp
[ 2017-05-13T23:42:46+08:00 ] ERR: (ThinkException) 非法操作:temp
[ 2017-05-13T23:48:42+08:00 ] ERR: (ThinkException) 非法操作:picture-add
