[ 2017-05-15T00:04:06+08:00 ] ERR: (ThinkException) 非法操作:__Public__
[ 2017-05-15T00:04:06+08:00 ] ERR: (ThinkException) 非法操作:__Public__
[ 2017-05-15T00:04:06+08:00 ] ERR: (ThinkException) 非法操作:__Public__
[ 2017-05-15T00:04:06+08:00 ] ERR: (ThinkException) 非法操作:__Public__
[ 2017-05-15T00:04:06+08:00 ] ERR: (ThinkException) 非法操作:__Public__
[ 2017-05-15T00:04:06+08:00 ] ERR: (ThinkException) 非法操作:__public__
[ 2017-05-15T00:04:06+08:00 ] ERR: (ThinkException) 非法操作:__public__
[ 2017-05-15T00:04:06+08:00 ] ERR: (ThinkException) 非法操作:__public__
[ 2017-05-15T00:04:06+08:00 ] ERR: (ThinkException) 非法操作:__public__
[ 2017-05-15T00:04:06+08:00 ] ERR: (ThinkException) 非法操作:__public__
[ 2017-05-15T00:04:06+08:00 ] ERR: (ThinkException) 非法操作:__public__
[ 2017-05-15T00:04:06+08:00 ] ERR: (ThinkException) 非法操作:__public__
[ 2017-05-15T00:04:06+08:00 ] ERR: (ThinkException) 非法操作:__public__
[ 2017-05-15T00:04:06+08:00 ] ERR: (ThinkException) 非法操作:__public__
[ 2017-05-15T00:04:06+08:00 ] ERR: (ThinkException) 非法操作:__public__
[ 2017-05-15T00:04:06+08:00 ] ERR: (ThinkException) 非法操作:__public__
[ 2017-05-15T00:04:06+08:00 ] ERR: (ThinkException) 非法操作:__public__
[ 2017-05-15T00:04:06+08:00 ] ERR: (ThinkException) 非法操作:__public__
[ 2017-05-15T00:07:03+08:00 ] ERR: (ThinkException) 非法操作:__Public__
[ 2017-05-15T00:07:04+08:00 ] ERR: (ThinkException) 非法操作:__Public__
[ 2017-05-15T00:07:04+08:00 ] ERR: (ThinkException) 非法操作:__Public__
[ 2017-05-15T00:07:04+08:00 ] ERR: (ThinkException) 非法操作:__Public__
[ 2017-05-15T00:07:04+08:00 ] ERR: (ThinkException) 非法操作:__Public__
[ 2017-05-15T00:07:04+08:00 ] ERR: (ThinkException) 非法操作:__public__
[ 2017-05-15T00:07:04+08:00 ] ERR: (ThinkException) 非法操作:__public__
[ 2017-05-15T00:07:04+08:00 ] ERR: (ThinkException) 非法操作:__public__
[ 2017-05-15T00:07:04+08:00 ] ERR: (ThinkException) 非法操作:__public__
[ 2017-05-15T00:07:04+08:00 ] ERR: (ThinkException) 非法操作:__public__
[ 2017-05-15T00:07:04+08:00 ] ERR: (ThinkException) 非法操作:__public__
[ 2017-05-15T00:07:04+08:00 ] ERR: (ThinkException) 非法操作:__public__
[ 2017-05-15T00:07:04+08:00 ] ERR: (ThinkException) 非法操作:__public__
[ 2017-05-15T00:07:04+08:00 ] ERR: (ThinkException) 非法操作:__public__
[ 2017-05-15T00:07:04+08:00 ] ERR: (ThinkException) 非法操作:__public__
[ 2017-05-15T00:07:04+08:00 ] ERR: (ThinkException) 非法操作:__public__
[ 2017-05-15T00:07:04+08:00 ] ERR: (ThinkException) 非法操作:__public__
[ 2017-05-15T00:07:04+08:00 ] ERR: (ThinkException) 非法操作:__public__
[ 2017-05-15T00:13:52+08:00 ] ERR: (ThinkException) 无法加载模块:Login
[ 2017-05-15T00:24:47+08:00 ] ERR: (ThinkException) 无法加载模块:assets
[ 2017-05-15T00:25:23+08:00 ] ERR: (ThinkException) 无法加载模块:assets
[ 2017-05-15T00:25:32+08:00 ] ERR: (ThinkException) 无法加载模块:assets
[ 2017-05-15T00:26:31+08:00 ] ERR: (ThinkException) 无法加载模块:assets
[ 2017-05-15T00:26:32+08:00 ] ERR: (ThinkException) 无法加载模块:assets
[ 2017-05-15T00:26:33+08:00 ] ERR: (ThinkException) 无法加载模块:assets
[ 2017-05-15T00:27:19+08:00 ] ERR: (ThinkException) 无法加载模块:assets
[ 2017-05-15T00:27:21+08:00 ] ERR: (ThinkException) 无法加载模块:assets
[ 2017-05-15T00:28:17+08:00 ] ERR: (ThinkException) 无法加载模块:assets
[ 2017-05-15T00:28:18+08:00 ] ERR: (ThinkException) 无法加载模块:assets
[ 2017-05-15T00:28:20+08:00 ] ERR: (ThinkException) 无法加载模块:assets
[ 2017-05-15T00:28:21+08:00 ] ERR: (ThinkException) 无法加载模块:assets
[ 2017-05-15T00:28:22+08:00 ] ERR: (ThinkException) 无法加载模块:assets
[ 2017-05-15T00:28:23+08:00 ] ERR: (ThinkException) 无法加载模块:assets
[ 2017-05-15T00:29:13+08:00 ] ERR: (ThinkException) 无法加载模块:assets
[ 2017-05-15T00:29:35+08:00 ] ERR: (ThinkException) 无法加载模块:assets
[ 2017-05-15T00:30:46+08:00 ] ERR: (ThinkException) 无法加载模块:assets
[ 2017-05-15T00:30:49+08:00 ] ERR: (ThinkException) 无法加载模块:assets
[ 2017-05-15T00:31:48+08:00 ] ERR: (ThinkException) 无法加载模块:assets
[ 2017-05-15T00:31:50+08:00 ] ERR: (ThinkException) 无法加载模块:assets
[ 2017-05-15T00:31:51+08:00 ] ERR: (ThinkException) 无法加载模块:assets
[ 2017-05-15T00:32:42+08:00 ] ERR: (ThinkException) 无法加载模块:assets
[ 2017-05-15T00:32:43+08:00 ] ERR: (ThinkException) 无法加载模块:assets
[ 2017-05-15T00:33:02+08:00 ] ERR: (ThinkException) 无法加载模块:assets
[ 2017-05-15T00:34:21+08:00 ] ERR: (ThinkException) 无法加载模块:assets
[ 2017-05-15T00:35:31+08:00 ] ERR: (ThinkException) 无法加载模块:__PUBLIC
[ 2017-05-15T01:31:30+08:00 ] ERR: (ThinkException) 无法加载模块:__ROOT_
[ 2017-05-15T01:51:34+08:00 ] ERR: (ThinkException) 无法加载模块:about
[ 2017-05-15T02:03:19+08:00 ] ERR: (ThinkException) 无法加载模块:cases
[ 2017-05-15T02:04:14+08:00 ] ERR: (ThinkException) 无法加载模块:cases
[ 2017-05-15T02:04:18+08:00 ] ERR: (ThinkException) 无法加载模块:cases
[ 2017-05-15T02:04:32+08:00 ] ERR: (ThinkException) 无法加载模块:Localpro
[ 2017-05-15T02:05:30+08:00 ] ERR: (ThinkException) 非法操作:assets
[ 2017-05-15T02:05:30+08:00 ] ERR: (ThinkException) 非法操作:assets
[ 2017-05-15T02:05:30+08:00 ] ERR: (ThinkException) 非法操作:assets
[ 2017-05-15T02:05:30+08:00 ] ERR: (ThinkException) 非法操作:assets
[ 2017-05-15T02:05:30+08:00 ] ERR: (ThinkException) 非法操作:assets
[ 2017-05-15T02:05:30+08:00 ] ERR: (ThinkException) 非法操作:assets
[ 2017-05-15T02:05:30+08:00 ] ERR: (ThinkException) 非法操作:assets
[ 2017-05-15T02:05:30+08:00 ] ERR: (ThinkException) 非法操作:assets
[ 2017-05-15T02:06:55+08:00 ] ERR: (ThinkException) 非法操作:assets
[ 2017-05-15T02:08:27+08:00 ] ERR: (ThinkException) 非法操作:index
[ 2017-05-15T02:17:40+08:00 ] ERR: (ThinkException) 非法操作:about
[ 2017-05-15T02:19:53+08:00 ] ERR: (ThinkException) 非法操作:assets
[ 2017-05-15T02:19:53+08:00 ] ERR: (ThinkException) 非法操作:assets
[ 2017-05-15T02:19:53+08:00 ] ERR: (ThinkException) 非法操作:assets
[ 2017-05-15T02:19:53+08:00 ] ERR: (ThinkException) 非法操作:assets
[ 2017-05-15T02:19:53+08:00 ] ERR: (ThinkException) 非法操作:assets
[ 2017-05-15T02:19:53+08:00 ] ERR: (ThinkException) 非法操作:assets
[ 2017-05-15T02:19:53+08:00 ] ERR: (ThinkException) 非法操作:assets
[ 2017-05-15T02:19:53+08:00 ] ERR: (ThinkException) 非法操作:assets
[ 2017-05-15T02:19:53+08:00 ] ERR: (ThinkException) 非法操作:assets
[ 2017-05-15T02:19:53+08:00 ] ERR: (ThinkException) 非法操作:assets
[ 2017-05-15T02:19:53+08:00 ] ERR: (ThinkException) 非法操作:assets
[ 2017-05-15T02:19:53+08:00 ] ERR: (ThinkException) 非法操作:assets
[ 2017-05-15T02:19:53+08:00 ] ERR: (ThinkException) 非法操作:assets
[ 2017-05-15T02:19:53+08:00 ] ERR: (ThinkException) 非法操作:assets
[ 2017-05-15T02:19:53+08:00 ] ERR: (ThinkException) 非法操作:assets
[ 2017-05-15T02:20:07+08:00 ] ERR: (ThinkException) 无法加载模块:Localhost
[ 2017-05-15T02:20:14+08:00 ] ERR: (ThinkException) 非法操作:assets
[ 2017-05-15T02:20:14+08:00 ] ERR: (ThinkException) 非法操作:assets
[ 2017-05-15T02:20:14+08:00 ] ERR: (ThinkException) 非法操作:assets
[ 2017-05-15T02:20:14+08:00 ] ERR: (ThinkException) 非法操作:assets
[ 2017-05-15T02:20:14+08:00 ] ERR: (ThinkException) 非法操作:assets
[ 2017-05-15T02:20:14+08:00 ] ERR: (ThinkException) 非法操作:assets
[ 2017-05-15T02:20:14+08:00 ] ERR: (ThinkException) 非法操作:assets
[ 2017-05-15T02:20:14+08:00 ] ERR: (ThinkException) 非法操作:assets
[ 2017-05-15T02:20:14+08:00 ] ERR: (ThinkException) 非法操作:assets
[ 2017-05-15T02:20:34+08:00 ] ERR: (ThinkException) 非法操作:assets
[ 2017-05-15T02:20:34+08:00 ] ERR: (ThinkException) 非法操作:assets
[ 2017-05-15T02:20:34+08:00 ] ERR: (ThinkException) 非法操作:assets
[ 2017-05-15T02:20:34+08:00 ] ERR: (ThinkException) 非法操作:assets
[ 2017-05-15T02:20:34+08:00 ] ERR: (ThinkException) 非法操作:assets
[ 2017-05-15T02:20:34+08:00 ] ERR: (ThinkException) 非法操作:assets
[ 2017-05-15T02:20:34+08:00 ] ERR: (ThinkException) 非法操作:assets
[ 2017-05-15T02:20:34+08:00 ] ERR: (ThinkException) 非法操作:assets
[ 2017-05-15T02:20:34+08:00 ] ERR: (ThinkException) 非法操作:assets
[ 2017-05-15T02:20:34+08:00 ] ERR: (ThinkException) 非法操作:assets
[ 2017-05-15T02:20:34+08:00 ] ERR: (ThinkException) 非法操作:assets
[ 2017-05-15T02:20:34+08:00 ] ERR: (ThinkException) 非法操作:assets
[ 2017-05-15T02:20:34+08:00 ] ERR: (ThinkException) 非法操作:assets
[ 2017-05-15T02:20:34+08:00 ] ERR: (ThinkException) 非法操作:assets
[ 2017-05-15T02:20:34+08:00 ] ERR: (ThinkException) 非法操作:assets
[ 2017-05-15T02:20:41+08:00 ] ERR: (ThinkException) 非法操作:assets
[ 2017-05-15T02:20:41+08:00 ] ERR: (ThinkException) 非法操作:assets
[ 2017-05-15T02:20:41+08:00 ] ERR: (ThinkException) 非法操作:assets
[ 2017-05-15T02:20:41+08:00 ] ERR: (ThinkException) 非法操作:assets
[ 2017-05-15T02:20:41+08:00 ] ERR: (ThinkException) 非法操作:assets
[ 2017-05-15T02:20:41+08:00 ] ERR: (ThinkException) 非法操作:assets
[ 2017-05-15T02:20:42+08:00 ] ERR: (ThinkException) 非法操作:assets
[ 2017-05-15T02:20:42+08:00 ] ERR: (ThinkException) 非法操作:assets
[ 2017-05-15T02:20:42+08:00 ] ERR: (ThinkException) 非法操作:assets
[ 2017-05-15T02:20:42+08:00 ] ERR: (ThinkException) 非法操作:assets
[ 2017-05-15T02:20:42+08:00 ] ERR: (ThinkException) 非法操作:assets
[ 2017-05-15T02:20:42+08:00 ] ERR: (ThinkException) 非法操作:assets
[ 2017-05-15T02:20:42+08:00 ] ERR: (ThinkException) 非法操作:assets
[ 2017-05-15T02:20:42+08:00 ] ERR: (ThinkException) 非法操作:assets
[ 2017-05-15T02:20:42+08:00 ] ERR: (ThinkException) 非法操作:assets
[ 2017-05-15T02:21:03+08:00 ] ERR: (ThinkException) 非法操作:assets
[ 2017-05-15T02:21:03+08:00 ] ERR: (ThinkException) 非法操作:assets
[ 2017-05-15T02:21:03+08:00 ] ERR: (ThinkException) 非法操作:assets
[ 2017-05-15T02:21:03+08:00 ] ERR: (ThinkException) 非法操作:assets
[ 2017-05-15T02:21:03+08:00 ] ERR: (ThinkException) 非法操作:assets
[ 2017-05-15T02:21:03+08:00 ] ERR: (ThinkException) 非法操作:assets
[ 2017-05-15T02:21:03+08:00 ] ERR: (ThinkException) 非法操作:assets
[ 2017-05-15T02:21:03+08:00 ] ERR: (ThinkException) 非法操作:assets
[ 2017-05-15T02:21:03+08:00 ] ERR: (ThinkException) 非法操作:assets
[ 2017-05-15T02:21:03+08:00 ] ERR: (ThinkException) 非法操作:assets
[ 2017-05-15T02:21:03+08:00 ] ERR: (ThinkException) 非法操作:assets
[ 2017-05-15T02:21:03+08:00 ] ERR: (ThinkException) 非法操作:assets
[ 2017-05-15T02:21:03+08:00 ] ERR: (ThinkException) 非法操作:assets
[ 2017-05-15T02:21:03+08:00 ] ERR: (ThinkException) 非法操作:assets
[ 2017-05-15T02:21:03+08:00 ] ERR: (ThinkException) 非法操作:assets
[ 2017-05-15T02:32:04+08:00 ] ERR: (ThinkException) 非法操作:assets
[ 2017-05-15T02:32:04+08:00 ] ERR: (ThinkException) 非法操作:assets
[ 2017-05-15T02:32:04+08:00 ] ERR: (ThinkException) 非法操作:assets
[ 2017-05-15T02:32:04+08:00 ] ERR: (ThinkException) 非法操作:assets
[ 2017-05-15T02:32:04+08:00 ] ERR: (ThinkException) 非法操作:assets
[ 2017-05-15T02:32:04+08:00 ] ERR: (ThinkException) 非法操作:assets
[ 2017-05-15T02:32:17+08:00 ] ERR: (ThinkException) 非法操作:assets
[ 2017-05-15T02:32:17+08:00 ] ERR: (ThinkException) 非法操作:assets
[ 2017-05-15T02:32:18+08:00 ] ERR: (ThinkException) 非法操作:assets
[ 2017-05-15T02:32:18+08:00 ] ERR: (ThinkException) 非法操作:assets
[ 2017-05-15T02:32:18+08:00 ] ERR: (ThinkException) 非法操作:assets
[ 2017-05-15T02:32:18+08:00 ] ERR: (ThinkException) 非法操作:assets
[ 2017-05-15T02:32:19+08:00 ] ERR: (ThinkException) 非法操作:assets
[ 2017-05-15T02:32:19+08:00 ] ERR: (ThinkException) 非法操作:assets
[ 2017-05-15T02:32:19+08:00 ] ERR: (ThinkException) 非法操作:assets
[ 2017-05-15T02:32:19+08:00 ] ERR: (ThinkException) 非法操作:assets
[ 2017-05-15T02:32:19+08:00 ] ERR: (ThinkException) 非法操作:assets
[ 2017-05-15T02:32:19+08:00 ] ERR: (ThinkException) 非法操作:assets
[ 2017-05-15T02:32:19+08:00 ] ERR: (ThinkException) 非法操作:assets
[ 2017-05-15T02:32:19+08:00 ] ERR: (ThinkException) 非法操作:assets
[ 2017-05-15T02:32:19+08:00 ] ERR: (ThinkException) 非法操作:assets
[ 2017-05-15T02:32:19+08:00 ] ERR: (ThinkException) 非法操作:assets
[ 2017-05-15T02:32:19+08:00 ] ERR: (ThinkException) 非法操作:assets
[ 2017-05-15T02:32:19+08:00 ] ERR: (ThinkException) 非法操作:assets
[ 2017-05-15T02:32:38+08:00 ] ERR: (ThinkException) 非法操作:assets
[ 2017-05-15T02:32:38+08:00 ] ERR: (ThinkException) 非法操作:assets
[ 2017-05-15T02:32:38+08:00 ] ERR: (ThinkException) 非法操作:assets
[ 2017-05-15T02:32:38+08:00 ] ERR: (ThinkException) 非法操作:assets
[ 2017-05-15T02:32:38+08:00 ] ERR: (ThinkException) 非法操作:assets
[ 2017-05-15T02:32:38+08:00 ] ERR: (ThinkException) 非法操作:assets
[ 2017-05-15T02:35:40+08:00 ] ERR: (ThinkException) 非法操作:assets
[ 2017-05-15T02:35:40+08:00 ] ERR: (ThinkException) 非法操作:assets
[ 2017-05-15T02:35:40+08:00 ] ERR: (ThinkException) 非法操作:assets
[ 2017-05-15T02:35:40+08:00 ] ERR: (ThinkException) 非法操作:assets
[ 2017-05-15T02:35:40+08:00 ] ERR: (ThinkException) 非法操作:assets
[ 2017-05-15T02:35:40+08:00 ] ERR: (ThinkException) 非法操作:assets
[ 2017-05-15T02:35:41+08:00 ] ERR: (ThinkException) 非法操作:assets
[ 2017-05-15T02:35:41+08:00 ] ERR: (ThinkException) 非法操作:assets
[ 2017-05-15T02:35:41+08:00 ] ERR: (ThinkException) 非法操作:assets
[ 2017-05-15T02:35:41+08:00 ] ERR: (ThinkException) 非法操作:assets
[ 2017-05-15T02:35:41+08:00 ] ERR: (ThinkException) 非法操作:assets
[ 2017-05-15T02:35:41+08:00 ] ERR: (ThinkException) 非法操作:assets
[ 2017-05-15T02:35:42+08:00 ] ERR: (ThinkException) 非法操作:assets
[ 2017-05-15T02:35:42+08:00 ] ERR: (ThinkException) 非法操作:assets
[ 2017-05-15T02:35:42+08:00 ] ERR: (ThinkException) 非法操作:assets
[ 2017-05-15T02:35:42+08:00 ] ERR: (ThinkException) 非法操作:assets
[ 2017-05-15T02:35:42+08:00 ] ERR: (ThinkException) 非法操作:assets
[ 2017-05-15T02:35:42+08:00 ] ERR: (ThinkException) 非法操作:assets
[ 2017-05-15T02:36:01+08:00 ] ERR: (ThinkException) 非法操作:assets
[ 2017-05-15T02:36:01+08:00 ] ERR: (ThinkException) 非法操作:assets
[ 2017-05-15T02:36:01+08:00 ] ERR: (ThinkException) 非法操作:assets
[ 2017-05-15T02:36:01+08:00 ] ERR: (ThinkException) 非法操作:assets
[ 2017-05-15T02:36:01+08:00 ] ERR: (ThinkException) 非法操作:assets
[ 2017-05-15T02:36:01+08:00 ] ERR: (ThinkException) 非法操作:assets
[ 2017-05-15T02:36:16+08:00 ] ERR: (ThinkException) 非法操作:services
[ 2017-05-15T02:36:24+08:00 ] ERR: (ThinkException) 非法操作:assets
[ 2017-05-15T02:36:24+08:00 ] ERR: (ThinkException) 非法操作:assets
[ 2017-05-15T02:36:24+08:00 ] ERR: (ThinkException) 非法操作:assets
[ 2017-05-15T02:36:24+08:00 ] ERR: (ThinkException) 非法操作:assets
[ 2017-05-15T02:36:24+08:00 ] ERR: (ThinkException) 非法操作:assets
[ 2017-05-15T02:36:24+08:00 ] ERR: (ThinkException) 非法操作:assets
[ 2017-05-15T02:36:27+08:00 ] ERR: (ThinkException) 非法操作:services
[ 2017-05-15T02:36:33+08:00 ] ERR: (ThinkException) 非法操作:projects
[ 2017-05-15T02:39:44+08:00 ] ERR: (ThinkException) 非法操作:assets
[ 2017-05-15T02:39:44+08:00 ] ERR: (ThinkException) 非法操作:assets
[ 2017-05-15T02:39:44+08:00 ] ERR: (ThinkException) 非法操作:assets
[ 2017-05-15T02:39:44+08:00 ] ERR: (ThinkException) 非法操作:assets
[ 2017-05-15T02:39:44+08:00 ] ERR: (ThinkException) 非法操作:assets
[ 2017-05-15T02:39:44+08:00 ] ERR: (ThinkException) 非法操作:assets
[ 2017-05-15T02:39:46+08:00 ] ERR: (ThinkException) 模板不存在[./Home/Tpl/Hotel/index.html]
[ 2017-05-15T02:39:51+08:00 ] ERR: (ThinkException) 非法操作:assets
[ 2017-05-15T02:39:51+08:00 ] ERR: (ThinkException) 非法操作:assets
[ 2017-05-15T02:39:51+08:00 ] ERR: (ThinkException) 非法操作:assets
[ 2017-05-15T02:39:51+08:00 ] ERR: (ThinkException) 非法操作:assets
[ 2017-05-15T02:39:51+08:00 ] ERR: (ThinkException) 非法操作:assets
[ 2017-05-15T02:39:51+08:00 ] ERR: (ThinkException) 非法操作:assets
[ 2017-05-15T02:39:51+08:00 ] ERR: (ThinkException) 非法操作:assets
[ 2017-05-15T02:39:51+08:00 ] ERR: (ThinkException) 非法操作:assets
[ 2017-05-15T02:39:51+08:00 ] ERR: (ThinkException) 非法操作:assets
[ 2017-05-15T02:41:01+08:00 ] ERR: (ThinkException) 非法操作:assets
[ 2017-05-15T02:41:01+08:00 ] ERR: (ThinkException) 非法操作:assets
[ 2017-05-15T02:41:01+08:00 ] ERR: (ThinkException) 非法操作:assets
[ 2017-05-15T02:41:01+08:00 ] ERR: (ThinkException) 非法操作:assets
[ 2017-05-15T02:41:01+08:00 ] ERR: (ThinkException) 非法操作:assets
[ 2017-05-15T02:41:01+08:00 ] ERR: (ThinkException) 非法操作:assets
[ 2017-05-15T02:41:01+08:00 ] ERR: (ThinkException) 非法操作:assets
[ 2017-05-15T02:41:01+08:00 ] ERR: (ThinkException) 非法操作:assets
[ 2017-05-15T02:41:01+08:00 ] ERR: (ThinkException) 非法操作:assets
[ 2017-05-15T02:41:02+08:00 ] ERR: (ThinkException) 非法操作:assets
[ 2017-05-15T02:41:02+08:00 ] ERR: (ThinkException) 非法操作:assets
[ 2017-05-15T02:41:02+08:00 ] ERR: (ThinkException) 非法操作:assets
[ 2017-05-15T02:41:02+08:00 ] ERR: (ThinkException) 非法操作:assets
[ 2017-05-15T02:41:02+08:00 ] ERR: (ThinkException) 非法操作:assets
[ 2017-05-15T02:41:02+08:00 ] ERR: (ThinkException) 非法操作:assets
[ 2017-05-15T02:41:02+08:00 ] ERR: (ThinkException) 非法操作:assets
[ 2017-05-15T02:41:02+08:00 ] ERR: (ThinkException) 非法操作:assets
[ 2017-05-15T02:41:02+08:00 ] ERR: (ThinkException) 非法操作:assets
[ 2017-05-15T02:42:30+08:00 ] ERR: (ThinkException) 非法操作:assets
[ 2017-05-15T02:42:30+08:00 ] ERR: (ThinkException) 非法操作:assets
[ 2017-05-15T02:42:30+08:00 ] ERR: (ThinkException) 非法操作:assets
[ 2017-05-15T02:43:32+08:00 ] ERR: (ThinkException) 无法加载模块:Info
[ 2017-05-15T02:44:47+08:00 ] ERR: (ThinkException) 模板不存在[./Home/Tpl/Line/index.html]
[ 2017-05-15T02:44:48+08:00 ] ERR: (ThinkException) 非法操作:assets
[ 2017-05-15T02:44:48+08:00 ] ERR: (ThinkException) 非法操作:assets
[ 2017-05-15T02:44:48+08:00 ] ERR: (ThinkException) 非法操作:assets
[ 2017-05-15T02:44:48+08:00 ] ERR: (ThinkException) 非法操作:assets
[ 2017-05-15T02:44:48+08:00 ] ERR: (ThinkException) 非法操作:assets
[ 2017-05-15T02:44:48+08:00 ] ERR: (ThinkException) 非法操作:assets
[ 2017-05-15T02:44:50+08:00 ] ERR: (ThinkException) 无法加载模块:Info
[ 2017-05-15T02:46:19+08:00 ] ERR: (ThinkException) 非法操作:assets
[ 2017-05-15T02:46:19+08:00 ] ERR: (ThinkException) 非法操作:assets
[ 2017-05-15T02:46:19+08:00 ] ERR: (ThinkException) 非法操作:assets
[ 2017-05-15T02:46:19+08:00 ] ERR: (ThinkException) 非法操作:assets
[ 2017-05-15T02:46:19+08:00 ] ERR: (ThinkException) 非法操作:assets
[ 2017-05-15T02:46:19+08:00 ] ERR: (ThinkException) 非法操作:assets
[ 2017-05-15T02:46:22+08:00 ] ERR: (ThinkException) 非法操作:assets
[ 2017-05-15T02:46:22+08:00 ] ERR: (ThinkException) 非法操作:assets
[ 2017-05-15T02:46:22+08:00 ] ERR: (ThinkException) 非法操作:assets
[ 2017-05-15T02:46:22+08:00 ] ERR: (ThinkException) 非法操作:assets
[ 2017-05-15T02:46:22+08:00 ] ERR: (ThinkException) 非法操作:assets
[ 2017-05-15T02:46:22+08:00 ] ERR: (ThinkException) 非法操作:assets
[ 2017-05-15T02:46:29+08:00 ] ERR: (ThinkException) 非法操作:projects
[ 2017-05-15T02:47:50+08:00 ] ERR: (ThinkException) 非法操作:assets
[ 2017-05-15T02:47:50+08:00 ] ERR: (ThinkException) 非法操作:assets
[ 2017-05-15T02:47:50+08:00 ] ERR: (ThinkException) 非法操作:assets
[ 2017-05-15T02:47:50+08:00 ] ERR: (ThinkException) 非法操作:assets
[ 2017-05-15T02:47:50+08:00 ] ERR: (ThinkException) 非法操作:assets
[ 2017-05-15T02:47:50+08:00 ] ERR: (ThinkException) 非法操作:assets
[ 2017-05-15T02:47:51+08:00 ] ERR: (ThinkException) 非法操作:assets
[ 2017-05-15T02:47:51+08:00 ] ERR: (ThinkException) 非法操作:assets
[ 2017-05-15T02:47:51+08:00 ] ERR: (ThinkException) 非法操作:assets
[ 2017-05-15T02:47:51+08:00 ] ERR: (ThinkException) 非法操作:assets
[ 2017-05-15T02:47:51+08:00 ] ERR: (ThinkException) 非法操作:assets
[ 2017-05-15T02:47:51+08:00 ] ERR: (ThinkException) 非法操作:assets
[ 2017-05-15T02:47:53+08:00 ] ERR: (ThinkException) 模板不存在[./Home/Tpl/Line/index.html]
[ 2017-05-15T02:47:58+08:00 ] ERR: (ThinkException) 非法操作:assets
[ 2017-05-15T02:47:58+08:00 ] ERR: (ThinkException) 非法操作:assets
[ 2017-05-15T02:47:58+08:00 ] ERR: (ThinkException) 非法操作:assets
[ 2017-05-15T02:47:58+08:00 ] ERR: (ThinkException) 非法操作:assets
[ 2017-05-15T02:47:58+08:00 ] ERR: (ThinkException) 非法操作:assets
[ 2017-05-15T02:47:58+08:00 ] ERR: (ThinkException) 非法操作:assets
[ 2017-05-15T02:48:01+08:00 ] ERR: (ThinkException) 非法操作:projects
[ 2017-05-15T02:48:08+08:00 ] ERR: (ThinkException) 非法操作:projects
[ 2017-05-15T02:49:28+08:00 ] ERR: (ThinkException) 非法操作:assets
[ 2017-05-15T02:49:28+08:00 ] ERR: (ThinkException) 非法操作:assets
[ 2017-05-15T02:49:28+08:00 ] ERR: (ThinkException) 非法操作:assets
[ 2017-05-15T02:49:28+08:00 ] ERR: (ThinkException) 非法操作:assets
[ 2017-05-15T02:49:28+08:00 ] ERR: (ThinkException) 非法操作:assets
[ 2017-05-15T02:49:28+08:00 ] ERR: (ThinkException) 非法操作:assets
[ 2017-05-15T02:49:32+08:00 ] ERR: (ThinkException) 非法操作:assets
[ 2017-05-15T02:49:32+08:00 ] ERR: (ThinkException) 非法操作:assets
[ 2017-05-15T02:49:32+08:00 ] ERR: (ThinkException) 非法操作:assets
[ 2017-05-15T02:49:32+08:00 ] ERR: (ThinkException) 非法操作:assets
[ 2017-05-15T02:49:32+08:00 ] ERR: (ThinkException) 非法操作:assets
[ 2017-05-15T02:49:32+08:00 ] ERR: (ThinkException) 非法操作:assets
[ 2017-05-15T09:59:08+08:00 ] ERR: (ThinkException) 非法操作:assets
[ 2017-05-15T09:59:08+08:00 ] ERR: (ThinkException) 非法操作:assets
[ 2017-05-15T09:59:08+08:00 ] ERR: (ThinkException) 非法操作:assets
[ 2017-05-15T09:59:08+08:00 ] ERR: (ThinkException) 非法操作:assets
[ 2017-05-15T09:59:08+08:00 ] ERR: (ThinkException) 非法操作:assets
[ 2017-05-15T09:59:08+08:00 ] ERR: (ThinkException) 非法操作:assets
[ 2017-05-15T10:00:05+08:00 ] ERR: (ThinkException) 非法操作:assets
[ 2017-05-15T10:00:05+08:00 ] ERR: (ThinkException) 非法操作:assets
[ 2017-05-15T10:00:05+08:00 ] ERR: (ThinkException) 非法操作:assets
[ 2017-05-15T10:00:05+08:00 ] ERR: (ThinkException) 非法操作:assets
[ 2017-05-15T10:00:05+08:00 ] ERR: (ThinkException) 非法操作:assets
[ 2017-05-15T10:00:05+08:00 ] ERR: (ThinkException) 非法操作:assets
[ 2017-05-15T10:00:07+08:00 ] ERR: (ThinkException) 非法操作:assets
[ 2017-05-15T10:00:07+08:00 ] ERR: (ThinkException) 非法操作:assets
[ 2017-05-15T10:00:07+08:00 ] ERR: (ThinkException) 非法操作:assets
[ 2017-05-15T10:00:07+08:00 ] ERR: (ThinkException) 非法操作:assets
[ 2017-05-15T10:00:07+08:00 ] ERR: (ThinkException) 非法操作:assets
[ 2017-05-15T10:00:07+08:00 ] ERR: (ThinkException) 非法操作:assets
[ 2017-05-15T10:00:11+08:00 ] ERR: (ThinkException) 模板不存在[./Home/Tpl/Line/index.html]
[ 2017-05-15T10:00:19+08:00 ] ERR: (ThinkException) 非法操作:projects
[ 2017-05-15T10:00:33+08:00 ] ERR: (ThinkException) 非法操作:assets
[ 2017-05-15T10:00:33+08:00 ] ERR: (ThinkException) 非法操作:assets
[ 2017-05-15T10:00:33+08:00 ] ERR: (ThinkException) 非法操作:assets
[ 2017-05-15T10:00:33+08:00 ] ERR: (ThinkException) 非法操作:assets
[ 2017-05-15T10:00:33+08:00 ] ERR: (ThinkException) 非法操作:assets
[ 2017-05-15T10:00:33+08:00 ] ERR: (ThinkException) 非法操作:assets
[ 2017-05-15T10:02:49+08:00 ] ERR: (ThinkException) 非法操作:assets
[ 2017-05-15T10:02:49+08:00 ] ERR: (ThinkException) 非法操作:assets
[ 2017-05-15T10:02:49+08:00 ] ERR: (ThinkException) 非法操作:assets
[ 2017-05-15T10:02:49+08:00 ] ERR: (ThinkException) 非法操作:assets
[ 2017-05-15T10:02:49+08:00 ] ERR: (ThinkException) 非法操作:assets
[ 2017-05-15T10:02:49+08:00 ] ERR: (ThinkException) 非法操作:assets
[ 2017-05-15T10:02:50+08:00 ] ERR: (ThinkException) 非法操作:assets
[ 2017-05-15T10:02:50+08:00 ] ERR: (ThinkException) 非法操作:assets
[ 2017-05-15T10:02:50+08:00 ] ERR: (ThinkException) 非法操作:assets
[ 2017-05-15T10:02:50+08:00 ] ERR: (ThinkException) 非法操作:assets
[ 2017-05-15T10:02:50+08:00 ] ERR: (ThinkException) 非法操作:assets
[ 2017-05-15T10:02:50+08:00 ] ERR: (ThinkException) 非法操作:assets
[ 2017-05-15T10:02:51+08:00 ] ERR: (ThinkException) 非法操作:assets
[ 2017-05-15T10:02:51+08:00 ] ERR: (ThinkException) 非法操作:assets
[ 2017-05-15T10:02:51+08:00 ] ERR: (ThinkException) 非法操作:assets
[ 2017-05-15T10:02:51+08:00 ] ERR: (ThinkException) 非法操作:assets
[ 2017-05-15T10:02:51+08:00 ] ERR: (ThinkException) 非法操作:assets
[ 2017-05-15T10:02:51+08:00 ] ERR: (ThinkException) 非法操作:assets
[ 2017-05-15T10:02:51+08:00 ] ERR: (ThinkException) 非法操作:assets
[ 2017-05-15T10:02:51+08:00 ] ERR: (ThinkException) 非法操作:assets
[ 2017-05-15T10:02:51+08:00 ] ERR: (ThinkException) 非法操作:assets
[ 2017-05-15T10:02:51+08:00 ] ERR: (ThinkException) 非法操作:assets
[ 2017-05-15T10:02:51+08:00 ] ERR: (ThinkException) 非法操作:assets
[ 2017-05-15T10:02:51+08:00 ] ERR: (ThinkException) 非法操作:assets
[ 2017-05-15T10:02:52+08:00 ] ERR: (ThinkException) 非法操作:assets
[ 2017-05-15T10:02:52+08:00 ] ERR: (ThinkException) 非法操作:assets
[ 2017-05-15T10:02:52+08:00 ] ERR: (ThinkException) 非法操作:assets
[ 2017-05-15T10:02:52+08:00 ] ERR: (ThinkException) 非法操作:assets
[ 2017-05-15T10:02:52+08:00 ] ERR: (ThinkException) 非法操作:assets
[ 2017-05-15T10:02:52+08:00 ] ERR: (ThinkException) 非法操作:assets
[ 2017-05-15T10:02:52+08:00 ] ERR: (ThinkException) 非法操作:assets
[ 2017-05-15T10:02:52+08:00 ] ERR: (ThinkException) 非法操作:assets
[ 2017-05-15T10:02:52+08:00 ] ERR: (ThinkException) 非法操作:assets
[ 2017-05-15T10:02:52+08:00 ] ERR: (ThinkException) 非法操作:assets
[ 2017-05-15T10:02:52+08:00 ] ERR: (ThinkException) 非法操作:assets
[ 2017-05-15T10:02:52+08:00 ] ERR: (ThinkException) 非法操作:assets
[ 2017-05-15T10:02:52+08:00 ] ERR: (ThinkException) 非法操作:assets
[ 2017-05-15T10:02:52+08:00 ] ERR: (ThinkException) 非法操作:assets
[ 2017-05-15T10:02:52+08:00 ] ERR: (ThinkException) 非法操作:assets
[ 2017-05-15T10:02:52+08:00 ] ERR: (ThinkException) 非法操作:assets
[ 2017-05-15T10:02:52+08:00 ] ERR: (ThinkException) 非法操作:assets
[ 2017-05-15T10:02:52+08:00 ] ERR: (ThinkException) 非法操作:assets
[ 2017-05-15T10:03:48+08:00 ] ERR: (ThinkException) 非法操作:assets
[ 2017-05-15T10:03:48+08:00 ] ERR: (ThinkException) 非法操作:assets
[ 2017-05-15T10:03:48+08:00 ] ERR: (ThinkException) 非法操作:assets
[ 2017-05-15T10:03:48+08:00 ] ERR: (ThinkException) 非法操作:assets
[ 2017-05-15T10:03:48+08:00 ] ERR: (ThinkException) 非法操作:assets
[ 2017-05-15T10:03:48+08:00 ] ERR: (ThinkException) 非法操作:assets
[ 2017-05-15T10:03:49+08:00 ] ERR: (ThinkException) 非法操作:assets
[ 2017-05-15T10:03:49+08:00 ] ERR: (ThinkException) 非法操作:assets
[ 2017-05-15T10:03:49+08:00 ] ERR: (ThinkException) 非法操作:assets
[ 2017-05-15T10:03:49+08:00 ] ERR: (ThinkException) 非法操作:assets
[ 2017-05-15T10:03:49+08:00 ] ERR: (ThinkException) 非法操作:assets
[ 2017-05-15T10:03:49+08:00 ] ERR: (ThinkException) 非法操作:assets
[ 2017-05-15T10:03:49+08:00 ] ERR: (ThinkException) 非法操作:assets
[ 2017-05-15T10:03:49+08:00 ] ERR: (ThinkException) 非法操作:assets
[ 2017-05-15T10:03:49+08:00 ] ERR: (ThinkException) 非法操作:assets
[ 2017-05-15T10:03:49+08:00 ] ERR: (ThinkException) 非法操作:assets
[ 2017-05-15T10:03:49+08:00 ] ERR: (ThinkException) 非法操作:assets
[ 2017-05-15T10:03:49+08:00 ] ERR: (ThinkException) 非法操作:assets
[ 2017-05-15T10:05:05+08:00 ] ERR: (ThinkException) 非法操作:assets
[ 2017-05-15T10:05:05+08:00 ] ERR: (ThinkException) 非法操作:assets
[ 2017-05-15T10:05:05+08:00 ] ERR: (ThinkException) 非法操作:assets
[ 2017-05-15T10:05:05+08:00 ] ERR: (ThinkException) 非法操作:assets
[ 2017-05-15T10:05:05+08:00 ] ERR: (ThinkException) 非法操作:assets
[ 2017-05-15T10:05:05+08:00 ] ERR: (ThinkException) 非法操作:assets
[ 2017-05-15T10:05:56+08:00 ] ERR: (ThinkException) 模板不存在[./Home/Tpl/Line/index.html]
[ 2017-05-15T10:10:36+08:00 ] ERR: (ThinkException) 模板不存在[./Home/Tpl/Line/index.html]
[ 2017-05-15T10:10:45+08:00 ] ERR: (ThinkException) 非法操作:projects
[ 2017-05-15T19:46:01+08:00 ] ERR: (ThinkException) 非法操作:__App__
[ 2017-05-15T19:56:22+08:00 ] ERR: (ThinkException) 非法操作:__App__
[ 2017-05-15T19:56:44+08:00 ] ERR: (ThinkException) 非法操作:projects
